11:03:45 **** Rebuild of configuration Debug for project LIFO ****
Info: Internal Builder is used for build
gcc -O0 -g3 -Wall -c -fmessage-length=0 -o "src\\LIFO.o" "..\\src\\LIFO.c" 
In file included from ..\src\LIFO.c:9:
..\src\LIFO.h:14: warning: "NULL" redefined
   14 | #define NULL (void *)0
      | 
In file included from ..\src\LIFO.h:11:
c:\mingw\x86_64-w64-mingw32\include\stdlib.h:40: note: this is the location of the previous definition
   40 | #define NULL ((void *)0)
      | 
gcc -O0 -g3 -Wall -c -fmessage-length=0 -o "src\\main.o" "..\\src\\main.c" 
In file included from ..\src\main.c:8:
..\src\LIFO.h:14: warning: "NULL" redefined
   14 | #define NULL (void *)0
      | 
In file included from ..\src\LIFO.h:11:
c:\mingw\x86_64-w64-mingw32\include\stdlib.h:40: note: this is the location of the previous definition
   40 | #define NULL ((void *)0)
      | 
..\src\main.c:13:6: warning: return type of 'main' is not 'int' [-Wmain]
   13 | void main(void){
      |      ^~~~
..\src\main.c: In function 'main':
..\src\main.c:19:25: warning: implicit declaration of function 'printf' [-Wimplicit-function-declaration]
   19 |                         printf("LIFO PUSH %d ====Done",i);
      |                         ^~~~~~
..\src\main.c:9:1: note: include '<stdio.h>' or provide a declaration of 'printf'
    8 | #include "LIFO.h"
  +++ |+#include <stdio.h>
    9 | #define size 5
..\src\main.c:19:25: warning: incompatible implicit declaration of built-in function 'printf' [-Wbuiltin-declaration-mismatch]
   19 |                         printf("LIFO PUSH %d ====Done",i);
      |                         ^~~~~~
..\src\main.c:19:25: note: include '<stdio.h>' or provide a declaration of 'printf'
..\src\main.c:21:25: warning: incompatible implicit declaration of built-in function 'printf' [-Wbuiltin-declaration-mismatch]
   21 |                         printf("LIFO PUSH %d ====Failed",i);
      |                         ^~~~~~
..\src\main.c:21:25: note: include '<stdio.h>' or provide a declaration of 'printf'
..\src\main.c:26:20: warning: implicit declaration of function 'LIFO_PULL'; did you mean 'LIFO_PUSH'? [-Wimplicit-function-declaration]
   26 |                 if(LIFO_PULL(&UART_t, &temp)==LIFO_no_error){
      |                    ^~~~~~~~~
      |                    LIFO_PUSH
..\src\main.c:27:25: warning: incompatible implicit declaration of built-in function 'printf' [-Wbuiltin-declaration-mismatch]
   27 |                         printf("LIFO PULL %d ====Done",temp);
      |                         ^~~~~~
..\src\main.c:27:25: note: include '<stdio.h>' or provide a declaration of 'printf'
..\src\main.c:30:25: warning: incompatible implicit declaration of built-in function 'printf' [-Wbuiltin-declaration-mismatch]
   30 |                         printf("LIFO is EMPTY",temp);
      |                         ^~~~~~
..\src\main.c:30:25: note: include '<stdio.h>' or provide a declaration of 'printf'
..\src\main.c:30:32: warning: too many arguments for format [-Wformat-extra-args]
   30 |                         printf("LIFO is EMPTY",temp);
      |                                ^~~~~~~~~~~~~~~
gcc -o LIFO.exe "src\\LIFO.o" "src\\main.o" 
c:/mingw/bin/../lib/gcc/x86_64-w64-mingw32/12.1.0/../../../../x86_64-w64-mingw32/bin/ld.exe: src\main.o: in function `main':
C:\Users\Ahmed\Desktop\Mastering-Embedded-System-Diploma\Unit 4\Lesson1\LIFO\LIFO\Debug/../src/main.c:26: undefined reference to `LIFO_PULL'
c:/mingw/bin/../lib/gcc/x86_64-w64-mingw32/12.1.0/../../../../x86_64-w64-mingw32/bin/ld.exe: C:\Users\Ahmed\Desktop\Mastering-Embedded-System-Diploma\Unit 4\Lesson1\LIFO\LIFO\Debug/../src/main.c:29: undefined reference to `LIFO_PULL'
collect2.exe: error: ld returned 1 exit status
11:04:05 **** Incremental Build of configuration Debug for project LIFO ****
Info: Internal Builder is used for build
gcc -O0 -g3 -Wall -c -fmessage-length=0 -o "src\\main.o" "..\\src\\main.c" 
In file included from ..\src\main.c:8:
..\src\LIFO.h:14: warning: "NULL" redefined
   14 | #define NULL (void *)0
      | 
In file included from ..\src\LIFO.h:11:
c:\mingw\x86_64-w64-mingw32\include\stdlib.h:40: note: this is the location of the previous definition
   40 | #define NULL ((void *)0)
      | 
..\src\main.c:13:6: warning: return type of 'main' is not 'int' [-Wmain]
   13 | void main(void){
      |      ^~~~
..\src\main.c: In function 'main':
..\src\main.c:19:25: warning: implicit declaration of function 'printf' [-Wimplicit-function-declaration]
   19 |                         printf("LIFO PUSH %d ====Done",i);
      |                         ^~~~~~
..\src\main.c:9:1: note: include '<stdio.h>' or provide a declaration of 'printf'
    8 | #include "LIFO.h"
  +++ |+#include <stdio.h>
    9 | #define size 5
..\src\main.c:19:25: warning: incompatible implicit declaration of built-in function 'printf' [-Wbuiltin-declaration-mismatch]
   19 |                         printf("LIFO PUSH %d ====Done",i);
      |                         ^~~~~~
..\src\main.c:19:25: note: include '<stdio.h>' or provide a declaration of 'printf'
..\src\main.c:21:25: warning: incompatible implicit declaration of built-in function 'printf' [-Wbuiltin-declaration-mismatch]
   21 |                         printf("LIFO PUSH %d ====Failed",i);
      |                         ^~~~~~
..\src\main.c:21:25: note: include '<stdio.h>' or provide a declaration of 'printf'
..\src\main.c:27:25: warning: incompatible implicit declaration of built-in function 'printf' [-Wbuiltin-declaration-mismatch]
   27 |                         printf("LIFO PULL %d ====Done",temp);
      |                         ^~~~~~
..\src\main.c:27:25: note: include '<stdio.h>' or provide a declaration of 'printf'
..\src\main.c:29:26: warning: implicit declaration of function 'LIFO_PULL'; did you mean 'LIFO_PUSH'? [-Wimplicit-function-declaration]
   29 |                 }else if(LIFO_PULL(&UART_t, &temp)==LIFO_empty){
      |                          ^~~~~~~~~
      |                          LIFO_PUSH
..\src\main.c:30:25: warning: incompatible implicit declaration of built-in function 'printf' [-Wbuiltin-declaration-mismatch]
   30 |                         printf("LIFO is EMPTY",temp);
      |                         ^~~~~~
..\src\main.c:30:25: note: include '<stdio.h>' or provide a declaration of 'printf'
..\src\main.c:30:32: warning: too many arguments for format [-Wformat-extra-args]
   30 |                         printf("LIFO is EMPTY",temp);
      |                                ^~~~~~~~~~~~~~~
gcc -o LIFO.exe "src\\LIFO.o" "src\\main.o" 
c:/mingw/bin/../lib/gcc/x86_64-w64-mingw32/12.1.0/../../../../x86_64-w64-mingw32/bin/ld.exe: src\main.o: in function `main':
C:\Users\Ahmed\Desktop\Mastering-Embedded-System-Diploma\Unit 4\Lesson1\LIFO\LIFO\Debug/../src/main.c:29: undefined reference to `LIFO_PULL'
collect2.exe: error: ld returned 1 exit status
11:04:13 **** Incremental Build of configuration Debug for project LIFO ****
Info: Internal Builder is used for build
gcc -O0 -g3 -Wall -c -fmessage-length=0 -o "src\\main.o" "..\\src\\main.c" 
In file included from ..\src\main.c:8:
..\src\LIFO.h:14: warning: "NULL" redefined
   14 | #define NULL (void *)0
      | 
In file included from ..\src\LIFO.h:11:
c:\mingw\x86_64-w64-mingw32\include\stdlib.h:40: note: this is the location of the previous definition
   40 | #define NULL ((void *)0)
      | 
..\src\main.c:13:6: warning: return type of 'main' is not 'int' [-Wmain]
   13 | void main(void){
      |      ^~~~
..\src\main.c: In function 'main':
..\src\main.c:19:25: warning: implicit declaration of function 'printf' [-Wimplicit-function-declaration]
   19 |                         printf("LIFO PUSH %d ====Done",i);
      |                         ^~~~~~
..\src\main.c:9:1: note: include '<stdio.h>' or provide a declaration of 'printf'
    8 | #include "LIFO.h"
  +++ |+#include <stdio.h>
    9 | #define size 5
..\src\main.c:19:25: warning: incompatible implicit declaration of built-in function 'printf' [-Wbuiltin-declaration-mismatch]
   19 |                         printf("LIFO PUSH %d ====Done",i);
      |                         ^~~~~~
..\src\main.c:19:25: note: include '<stdio.h>' or provide a declaration of 'printf'
..\src\main.c:21:25: warning: incompatible implicit declaration of built-in function 'printf' [-Wbuiltin-declaration-mismatch]
   21 |                         printf("LIFO PUSH %d ====Failed",i);
      |                         ^~~~~~
..\src\main.c:21:25: note: include '<stdio.h>' or provide a declaration of 'printf'
..\src\main.c:27:25: warning: incompatible implicit declaration of built-in function 'printf' [-Wbuiltin-declaration-mismatch]
   27 |                         printf("LIFO PULL %d ====Done",temp);
      |                         ^~~~~~
..\src\main.c:27:25: note: include '<stdio.h>' or provide a declaration of 'printf'
..\src\main.c:30:25: warning: incompatible implicit declaration of built-in function 'printf' [-Wbuiltin-declaration-mismatch]
   30 |                         printf("LIFO is EMPTY",temp);
      |                         ^~~~~~
..\src\main.c:30:25: note: include '<stdio.h>' or provide a declaration of 'printf'
..\src\main.c:30:32: warning: too many arguments for format [-Wformat-extra-args]
   30 |                         printf("LIFO is EMPTY",temp);
      |                                ^~~~~~~~~~~~~~~
gcc -o LIFO.exe "src\\LIFO.o" "src\\main.o" 
11:04:27 **** Incremental Build of configuration Debug for project LIFO ****
Info: Internal Builder is used for build
gcc -O0 -g3 -Wall -c -fmessage-length=0 -o "src\\main.o" "..\\src\\main.c" 
In file included from ..\src\main.c:8:
..\src\LIFO.h:14: warning: "NULL" redefined
   14 | #define NULL (void *)0
      | 
In file included from ..\src\LIFO.h:11:
c:\mingw\x86_64-w64-mingw32\include\stdlib.h:40: note: this is the location of the previous definition
   40 | #define NULL ((void *)0)
      | 
..\src\main.c:14:6: warning: return type of 'main' is not 'int' [-Wmain]
   14 | void main(void){
      |      ^~~~
..\src\main.c: In function 'main':
..\src\main.c:31:32: warning: too many arguments for format [-Wformat-extra-args]
   31 |                         printf("LIFO is EMPTY",temp);
      |                                ^~~~~~~~~~~~~~~
gcc -o LIFO.exe "src\\LIFO.o" "src\\main.o" 
11:04:37 **** Incremental Build of configuration Debug for project LIFO ****
Info: Internal Builder is used for build
gcc -O0 -g3 -Wall -c -fmessage-length=0 -o "src\\main.o" "..\\src\\main.c" 
In file included from ..\src\main.c:8:
..\src\LIFO.h:14: warning: "NULL" redefined
   14 | #define NULL (void *)0
      | 
In file included from ..\src\LIFO.h:11:
c:\mingw\x86_64-w64-mingw32\include\stdlib.h:40: note: this is the location of the previous definition
   40 | #define NULL ((void *)0)
      | 
..\src\main.c:14:6: warning: return type of 'main' is not 'int' [-Wmain]
   14 | void main(void){
      |      ^~~~
gcc -o LIFO.exe "src\\LIFO.o" "src\\main.o" 
11:04:59 **** Incremental Build of configuration Debug for project LIFO ****
Info: Internal Builder is used for build
gcc -O0 -g3 -Wall -c -fmessage-length=0 -o "src\\main.o" "..\\src\\main.c" 
In file included from ..\src\main.c:8:
..\src\LIFO.h:14: warning: "NULL" redefined
   14 | #define NULL (void *)0
      | 
In file included from ..\src\LIFO.h:11:
c:\mingw\x86_64-w64-mingw32\include\stdlib.h:40: note: this is the location of the previous definition
   40 | #define NULL ((void *)0)
      | 
gcc -o LIFO.exe "src\\LIFO.o" "src\\main.o" 
Info: Nothing to build for LIFO
Info: Nothing to build for LIFO
11:05:42 **** Incremental Build of configuration Debug for project LIFO ****
Info: Internal Builder is used for build
gcc -O0 -g3 -Wall -c -fmessage-length=0 -o "src\\main.o" "..\\src\\main.c" 
In file included from ..\src\main.c:8:
..\src\LIFO.h:14: warning: "NULL" redefined
   14 | #define NULL (void *)0
      | 
In file included from ..\src\LIFO.h:11:
c:\mingw\x86_64-w64-mingw32\include\stdlib.h:40: note: this is the location of the previous definition
   40 | #define NULL ((void *)0)
      | 
gcc -o LIFO.exe "src\\LIFO.o" "src\\main.o" 
Info: Nothing to build for LIFO
Info: Nothing to build for LIFO
11:07:41 **** Incremental Build of configuration Debug for project LIFO ****
Info: Internal Builder is used for build
gcc -O0 -g3 -Wall -c -fmessage-length=0 -o "src\\LIFO.o" "..\\src\\LIFO.c" 
In file included from ..\src\LIFO.c:9:
..\src\LIFO.h:14: warning: "NULL" redefined
   14 | #define NULL (void *)0
      | 
In file included from ..\src\LIFO.h:11:
c:\mingw\x86_64-w64-mingw32\include\stdlib.h:40: note: this is the location of the previous definition
   40 | #define NULL ((void *)0)
      | 
gcc -o LIFO.exe "src\\LIFO.o" "src\\main.o" 
Info: Nothing to build for LIFO
11:45:17 **** Rebuild of configuration Debug for project FIFO ****
Info: Internal Builder is used for build
gcc -O0 -g3 -Wall -c -fmessage-length=0 -o "src\\FIFO.o" "..\\src\\FIFO.c" 
In file included from ..\src\FIFO.c:7:
..\src\FIFO.h:15: warning: "NULL" redefined
   15 | #define NULL (void *)0
      | 
In file included from ..\src\FIFO.h:12:
c:\mingw\x86_64-w64-mingw32\include\stdlib.h:40: note: this is the location of the previous definition
   40 | #define NULL ((void *)0)
      | 
gcc -O0 -g3 -Wall -c -fmessage-length=0 -o "src\\main.o" "..\\src\\main.c" 
In file included from ..\src\main.c:8:
..\src\FIFO.h:15: warning: "NULL" redefined
   15 | #define NULL (void *)0
      | 
In file included from ..\src\FIFO.h:12:
c:\mingw\x86_64-w64-mingw32\include\stdlib.h:40: note: this is the location of the previous definition
   40 | #define NULL ((void *)0)
      | 
gcc -o FIFO.exe "src\\FIFO.o" "src\\main.o" 
Info: Nothing to build for LIFO
Info: Nothing to build for FIFO
Info: Nothing to build for LIFO
Info: Nothing to build for FIFO
Info: Nothing to build for LIFO
Info: Nothing to build for FIFO
11:47:03 **** Incremental Build of configuration Debug for project FIFO ****
Info: Internal Builder is used for build
gcc -O0 -g3 -Wall -c -fmessage-length=0 -o "src\\main.o" "..\\src\\main.c" 
In file included from ..\src\main.c:8:
..\src\FIFO.h:15: warning: "NULL" redefined
   15 | #define NULL (void *)0
      | 
In file included from ..\src\FIFO.h:12:
c:\mingw\x86_64-w64-mingw32\include\stdlib.h:40: note: this is the location of the previous definition
   40 | #define NULL ((void *)0)
      | 
gcc -o FIFO.exe "src\\FIFO.o" "src\\main.o" 
Info: Nothing to build for LIFO
Info: Nothing to build for FIFO
11:59:55 **** Incremental Build of configuration Debug for project FIFO ****
Info: Internal Builder is used for build
gcc -O0 -g3 -Wall -c -fmessage-length=0 -o "src\\main.o" "..\\src\\main.c" 
In file included from ..\src\main.c:8:
..\src\FIFO.h:15: warning: "NULL" redefined
   15 | #define NULL (void *)0
      | 
In file included from ..\src\FIFO.h:12:
c:\mingw\x86_64-w64-mingw32\include\stdlib.h:40: note: this is the location of the previous definition
   40 | #define NULL ((void *)0)
      | 
gcc -O0 -g3 -Wall -c -fmessage-length=0 -o "src\\FIFO.o" "..\\src\\FIFO.c" 
In file included from ..\src\FIFO.c:7:
..\src\FIFO.h:15: warning: "NULL" redefined
   15 | #define NULL (void *)0
      | 
In file included from ..\src\FIFO.h:12:
c:\mingw\x86_64-w64-mingw32\include\stdlib.h:40: note: this is the location of the previous definition
   40 | #define NULL ((void *)0)
      | 
..\src\FIFO.c: In function 'FIFO_print':
..\src\FIFO.c:59:17: warning: implicit declaration of function 'printf' [-Wimplicit-function-declaration]
   59 |                 printf("FIFO is EMPTY");
      |                 ^~~~~~
..\src\FIFO.c:8:1: note: include '<stdio.h>' or provide a declaration of 'printf'
    7 | #include "FIFO.h"
  +++ |+#include <stdio.h>
    8 | FIFO_status FIFO_init(FIFO_t *FIFO,element_type *buff,element_type length)
..\src\FIFO.c:59:17: warning: incompatible implicit declaration of built-in function 'printf' [-Wbuiltin-declaration-mismatch]
   59 |                 printf("FIFO is EMPTY");
      |                 ^~~~~~
..\src\FIFO.c:59:17: note: include '<stdio.h>' or provide a declaration of 'printf'
..\src\FIFO.c:62:9: warning: implicit declaration of function 'prinf' [-Wimplicit-function-declaration]
   62 |         prinf("FIFO elemnt is : %d",*temp);
      |         ^~~~~
gcc -o FIFO.exe "src\\FIFO.o" "src\\main.o" 
c:/mingw/bin/../lib/gcc/x86_64-w64-mingw32/12.1.0/../../../../x86_64-w64-mingw32/bin/ld.exe: src\FIFO.o: in function `FIFO_print':
C:\Users\Ahmed\Desktop\Mastering-Embedded-System-Diploma\Unit 4\Lesson1\LIFO\FIFO\Debug/../src/FIFO.c:62: undefined reference to `prinf'
collect2.exe: error: ld returned 1 exit status
Info: Nothing to build for LIFO
12:00:14 **** Incremental Build of configuration Debug for project FIFO ****
Info: Internal Builder is used for build
gcc -O0 -g3 -Wall -c -fmessage-length=0 -o "src\\main.o" "..\\src\\main.c" 
In file included from ..\src\main.c:8:
..\src\FIFO.h:16: warning: "NULL" redefined
   16 | #define NULL (void *)0
      | 
In file included from ..\src\FIFO.h:12:
c:\mingw\x86_64-w64-mingw32\include\stdlib.h:40: note: this is the location of the previous definition
   40 | #define NULL ((void *)0)
      | 
gcc -O0 -g3 -Wall -c -fmessage-length=0 -o "src\\FIFO.o" "..\\src\\FIFO.c" 
In file included from ..\src\FIFO.c:7:
..\src\FIFO.h:16: warning: "NULL" redefined
   16 | #define NULL (void *)0
      | 
In file included from ..\src\FIFO.h:12:
c:\mingw\x86_64-w64-mingw32\include\stdlib.h:40: note: this is the location of the previous definition
   40 | #define NULL ((void *)0)
      | 
..\src\FIFO.c: In function 'FIFO_print':
..\src\FIFO.c:62:9: warning: implicit declaration of function 'prinf'; did you mean 'printf'? [-Wimplicit-function-declaration]
   62 |         prinf("FIFO elemnt is : %d",*temp);
      |         ^~~~~
      |         printf
gcc -o FIFO.exe "src\\FIFO.o" "src\\main.o" 
c:/mingw/bin/../lib/gcc/x86_64-w64-mingw32/12.1.0/../../../../x86_64-w64-mingw32/bin/ld.exe: src\FIFO.o: in function `FIFO_print':
C:\Users\Ahmed\Desktop\Mastering-Embedded-System-Diploma\Unit 4\Lesson1\LIFO\FIFO\Debug/../src/FIFO.c:62: undefined reference to `prinf'
collect2.exe: error: ld returned 1 exit status
Info: Nothing to build for LIFO
12:00:53 **** Incremental Build of configuration Debug for project FIFO ****
Info: Internal Builder is used for build
gcc -O0 -g3 -Wall -c -fmessage-length=0 -o "src\\FIFO.o" "..\\src\\FIFO.c" 
In file included from ..\src\FIFO.c:7:
..\src\FIFO.h:16: warning: "NULL" redefined
   16 | #define NULL (void *)0
      | 
In file included from ..\src\FIFO.h:12:
c:\mingw\x86_64-w64-mingw32\include\stdlib.h:40: note: this is the location of the previous definition
   40 | #define NULL ((void *)0)
      | 
gcc -o FIFO.exe "src\\FIFO.o" "src\\main.o" 
Info: Nothing to build for LIFO
Info: Nothing to build for FIFO
12:01:08 **** Incremental Build of configuration Debug for project FIFO ****
Info: Internal Builder is used for build
gcc -O0 -g3 -Wall -c -fmessage-length=0 -o "src\\FIFO.o" "..\\src\\FIFO.c" 
In file included from ..\src\FIFO.c:7:
..\src\FIFO.h:16: warning: "NULL" redefined
   16 | #define NULL (void *)0
      | 
In file included from ..\src\FIFO.h:12:
c:\mingw\x86_64-w64-mingw32\include\stdlib.h:40: note: this is the location of the previous definition
   40 | #define NULL ((void *)0)
      | 
gcc -o FIFO.exe "src\\FIFO.o" "src\\main.o" 
Info: Nothing to build for LIFO
Info: Nothing to build for FIFO
12:01:27 **** Incremental Build of configuration Debug for project FIFO ****
Info: Internal Builder is used for build
gcc -O0 -g3 -Wall -c -fmessage-length=0 -o "src\\main.o" "..\\src\\main.c" 
In file included from ..\src\main.c:8:
..\src\FIFO.h:16: warning: "NULL" redefined
   16 | #define NULL (void *)0
      | 
In file included from ..\src\FIFO.h:12:
c:\mingw\x86_64-w64-mingw32\include\stdlib.h:40: note: this is the location of the previous definition
   40 | #define NULL ((void *)0)
      | 
gcc -o FIFO.exe "src\\FIFO.o" "src\\main.o" 
Info: Nothing to build for LIFO
Info: Nothing to build for FIFO
12:01:47 **** Incremental Build of configuration Debug for project FIFO ****
Info: Internal Builder is used for build
gcc -O0 -g3 -Wall -c -fmessage-length=0 -o "src\\main.o" "..\\src\\main.c" 
In file included from ..\src\main.c:8:
..\src\FIFO.h:16: warning: "NULL" redefined
   16 | #define NULL (void *)0
      | 
In file included from ..\src\FIFO.h:12:
c:\mingw\x86_64-w64-mingw32\include\stdlib.h:40: note: this is the location of the previous definition
   40 | #define NULL ((void *)0)
      | 
gcc -o FIFO.exe "src\\FIFO.o" "src\\main.o" 
Info: Nothing to build for LIFO
Info: Nothing to build for FIFO
12:10:59 **** Incremental Build of configuration Debug for project FIFO ****
Info: Internal Builder is used for build
gcc -O0 -g3 -Wall -c -fmessage-length=0 -o "src\\main.o" "..\\src\\main.c" 
In file included from ..\src\main.c:8:
..\src\FIFO.h:16: warning: "NULL" redefined
   16 | #define NULL (void *)0
      | 
In file included from ..\src\FIFO.h:12:
c:\mingw\x86_64-w64-mingw32\include\stdlib.h:40: note: this is the location of the previous definition
   40 | #define NULL ((void *)0)
      | 
gcc -o FIFO.exe "src\\FIFO.o" "src\\main.o" 
12:16:19 **** Incremental Build of configuration Debug for project FIFO ****
Info: Internal Builder is used for build
gcc -O0 -g3 -Wall -c -fmessage-length=0 -o "src\\FIFO.o" "..\\src\\FIFO.c" 
In file included from ..\src\FIFO.c:7:
..\src\FIFO.h:16: warning: "NULL" redefined
   16 | #define NULL (void *)0
      | 
In file included from ..\src\FIFO.h:12:
c:\mingw\x86_64-w64-mingw32\include\stdlib.h:40: note: this is the location of the previous definition
   40 | #define NULL ((void *)0)
      | 
gcc -o FIFO.exe "src\\FIFO.o" "src\\main.o" 
Info: Nothing to build for LIFO
Info: Nothing to build for FIFO
17:08:39 **** Rebuild of configuration Debug for project FIFO ****
Info: Internal Builder is used for build
gcc -O0 -g3 -Wall -c -fmessage-length=0 -o "src\\main.o" "..\\src\\main.c" 
In file included from ..\src\main.c:8:
..\src\FIFO.h:16: warning: "NULL" redefined
   16 | #define NULL (void *)0
      | 
In file included from ..\src\FIFO.h:12:
c:\mingw\x86_64-w64-mingw32\include\stdlib.h:40: note: this is the location of the previous definition
   40 | #define NULL ((void *)0)
      | 
gcc -O0 -g3 -Wall -c -fmessage-length=0 -o "src\\FIFO.o" "..\\src\\FIFO.c" 
In file included from ..\src\FIFO.c:7:
..\src\FIFO.h:16: warning: "NULL" redefined
   16 | #define NULL (void *)0
      | 
In file included from ..\src\FIFO.h:12:
c:\mingw\x86_64-w64-mingw32\include\stdlib.h:40: note: this is the location of the previous definition
   40 | #define NULL ((void *)0)
      | 
gcc -o FIFO.exe "src\\FIFO.o" "src\\main.o" 
17:08:40 **** Rebuild of configuration Debug for project LIFO ****
Info: Internal Builder is used for build
gcc -O0 -g3 -Wall -c -fmessage-length=0 -o "src\\LIFO.o" "..\\src\\LIFO.c" 
In file included from ..\src\LIFO.c:9:
..\src\LIFO.h:14: warning: "NULL" redefined
   14 | #define NULL (void *)0
      | 
In file included from ..\src\LIFO.h:11:
c:\mingw\x86_64-w64-mingw32\include\stdlib.h:40: note: this is the location of the previous definition
   40 | #define NULL ((void *)0)
      | 
gcc -O0 -g3 -Wall -c -fmessage-length=0 -o "src\\main.o" "..\\src\\main.c" 
In file included from ..\src\main.c:8:
..\src\LIFO.h:14: warning: "NULL" redefined
   14 | #define NULL (void *)0
      | 
In file included from ..\src\LIFO.h:11:
c:\mingw\x86_64-w64-mingw32\include\stdlib.h:40: note: this is the location of the previous definition
   40 | #define NULL ((void *)0)
      | 
gcc -o LIFO.exe "src\\LIFO.o" "src\\main.o" 
17:08:41 **** Rebuild of configuration Debug for project Student_DataBase ****
Info: Internal Builder is used for build
gcc -O0 -g3 -Wall -c -fmessage-length=0 -o "src\\DataStrct.o" "..\\src\\DataStrct.c" 
In file included from ..\src\DataStrct.c:7:
..\src\DataStruct.h:12: warning: "NULL" redefined
   12 | #define NULL (void *)0
      | 
In file included from ..\src\DataStruct.h:11:
c:\mingw\x86_64-w64-mingw32\include\stdlib.h:40: note: this is the location of the previous definition
   40 | #define NULL ((void *)0)
      | 
..\src\DataStruct.h:24:9: error: unknown type name 'Student_Node'
   24 |         Student_Node *PNxStudent;
      |         ^~~~~~~~~~~~
..\src\DataStrct.c: In function 'Fill_info':
..\src\DataStrct.c:12:9: warning: implicit declaration of function 'printf' [-Wimplicit-function-declaration]
   12 |         printf("Please Enter ID:");
      |         ^~~~~~
..\src\DataStrct.c:8:1: note: include '<stdio.h>' or provide a declaration of 'printf'
    7 | #include "DataStruct.h"
  +++ |+#include <stdio.h>
    8 | 
..\src\DataStrct.c:12:9: warning: incompatible implicit declaration of built-in function 'printf' [-Wbuiltin-declaration-mismatch]
   12 |         printf("Please Enter ID:");
      |         ^~~~~~
..\src\DataStrct.c:12:9: note: include '<stdio.h>' or provide a declaration of 'printf'
..\src\DataStrct.c:13:9: warning: implicit declaration of function 'gets' [-Wimplicit-function-declaration]
   13 |         gets(temp);
      |         ^~~~
..\src\DataStrct.c:14:34: warning: pointer targets in passing argument 1 of 'atoi' differ in signedness [-Wpointer-sign]
   14 |         Student->student.id=atoi(temp);
      |                                  ^~~~
      |                                  |
      |                                  usint8_t * {aka unsigned char *}
c:\mingw\x86_64-w64-mingw32\include\stdlib.h:434:32: note: expected 'const char *' but argument is of type 'usint8_t *' {aka 'unsigned char *'}
  434 |   int __cdecl atoi(const char *_Str);
      |                    ~~~~~~~~~~~~^~~~
..\src\DataStrct.c:19:35: warning: pointer targets in passing argument 1 of 'atoi' differ in signedness [-Wpointer-sign]
   19 |         Student->student.age=atoi(temp);
      |                                   ^~~~
      |                                   |
      |                                   usint8_t * {aka unsigned char *}
c:\mingw\x86_64-w64-mingw32\include\stdlib.h:434:32: note: expected 'const char *' but argument is of type 'usint8_t *' {aka 'unsigned char *'}
  434 |   int __cdecl atoi(const char *_Str);
      |                    ~~~~~~~~~~~~^~~~
..\src\DataStrct.c:22:37: warning: pointer targets in passing argument 1 of 'atof' differ in signedness [-Wpointer-sign]
   22 |         Student->student.hight=atof(temp);
      |                                     ^~~~
      |                                     |
      |                                     usint8_t * {aka unsigned char *}
c:\mingw\x86_64-w64-mingw32\include\stdlib.h:431:35: note: expected 'const char *' but argument is of type 'usint8_t *' {aka 'unsigned char *'}
  431 |   double __cdecl atof(const char *_String);
      |                       ~~~~~~~~~~~~^~~~~~~
..\src\DataStrct.c: In function 'Add_student':
..\src\DataStrct.c:38:37: warning: assignment to 'Student_Node *' from incompatible pointer type 'int *' [-Wincompatible-pointer-types]
   38 |                         last_student=last_student->PNxStudent;
      |                                     ^
..\src\DataStrct.c:41:41: warning: assignment to 'int *' from incompatible pointer type 'Student_Node *' [-Wincompatible-pointer-types]
   41 |                 last_student->PNxStudent=New_student;
      |                                         ^
..\src\DataStrct.c: In function 'Delet_student':
..\src\DataStrct.c:58:35: warning: assignment to 'Student_Node *' from incompatible pointer type 'int *' [-Wincompatible-pointer-types]
   58 |                         g_fStudent=current_student->PNxStudent;
      |                                   ^
..\src\DataStrct.c:67:32: warning: assignment to 'Student_Node *' from incompatible pointer type 'int *' [-Wincompatible-pointer-types]
   67 |                 current_student=current_student->PNxStudent;
      |                                ^
..\src\DataStrct.c: In function 'view_AllStudents':
..\src\DataStrct.c:78:17: warning: implicit declaration of function 'Student_Print' [-Wimplicit-function-declaration]
   78 |                 Student_Print(Student);
      |                 ^~~~~~~~~~~~~
..\src\DataStrct.c:79:24: warning: assignment to 'Student_Node *' from incompatible pointer type 'int *' [-Wincompatible-pointer-types]
   79 |                 Student=Student->PNxStudent;
      |                        ^
..\src\DataStrct.c: In function 'Delet_AllStudents':
..\src\DataStrct.c:87:32: warning: assignment to 'Student_Node *' from incompatible pointer type 'int *' [-Wincompatible-pointer-types]
   87 |                 current_student=current_student->PNxStudent;
      |                                ^
..\src\DataStrct.c: At top level:
..\src\DataStrct.c:94:6: warning: conflicting types for 'Student_Print'; have 'void(Student_Node *)'
   94 | void Student_Print(Student_Node *Student ){
      |      ^~~~~~~~~~~~~
..\src\DataStrct.c:78:17: note: previous implicit declaration of 'Student_Print' with type 'void(Student_Node *)'
   78 |                 Student_Print(Student);
      |                 ^~~~~~~~~~~~~
..\src\DataStrct.c: In function 'Student_Print':
..\src\DataStrct.c:95:9: warning: incompatible implicit declaration of built-in function 'printf' [-Wbuiltin-declaration-mismatch]
   95 |         printf("Name:%s\n",Student->student.name);
      |         ^~~~~~
..\src\DataStrct.c:95:9: note: include '<stdio.h>' or provide a declaration of 'printf'
Info: Nothing to build for FIFO
Info: Nothing to build for LIFO
17:09:10 **** Incremental Build of configuration Debug for project Student_DataBase ****
Info: Internal Builder is used for build
gcc -O0 -g3 -Wall -c -fmessage-length=0 -o "src\\Student_DataBase.o" "..\\src\\Student_DataBase.c" 
In file included from ..\src\Student_DataBase.c:13:
..\src\DataStruct.h:12: warning: "NULL" redefined
   12 | #define NULL (void *)0
      | 
In file included from ..\src\Student_DataBase.c:11:
c:\mingw\x86_64-w64-mingw32\include\stdio.h:87: note: this is the location of the previous definition
   87 | #define NULL ((void *)0)
      | 
..\src\DataStruct.h:24:9: error: unknown type name 'Student_Node'
   24 |         Student_Node *PNxStudent;
      |         ^~~~~~~~~~~~
..\src\Student_DataBase.c: In function 'main':
..\src\Student_DataBase.c:24:17: warning: format '%d' expects argument of type 'int *', but argument 2 has type 'usint8_t *' {aka 'unsigned char *'} [-Wformat=]
   24 |         scanf("%d",&choose);
      |                ~^  ~~~~~~~
      |                 |  |
      |                 |  usint8_t * {aka unsigned char *}
      |                 int *
      |                %hhd
..\src\Student_DataBase.c:31:25: warning: format '%d' expects argument of type 'int *', but argument 2 has type 'usint32_t' {aka 'unsigned int'} [-Wformat=]
   31 |                 scanf("%d",id);
      |                        ~^  ~~
      |                         |  |
      |                         |  usint32_t {aka unsigned int}
      |                         int *
Info: Nothing to build for FIFO
Info: Nothing to build for LIFO
17:09:11 **** Incremental Build of configuration Debug for project Student_DataBase ****
Info: Internal Builder is used for build
gcc -O0 -g3 -Wall -c -fmessage-length=0 -o "src\\DataStrct.o" "..\\src\\DataStrct.c" 
In file included from ..\src\DataStrct.c:7:
..\src\DataStruct.h:12: warning: "NULL" redefined
   12 | #define NULL (void *)0
      | 
In file included from ..\src\DataStruct.h:11:
c:\mingw\x86_64-w64-mingw32\include\stdlib.h:40: note: this is the location of the previous definition
   40 | #define NULL ((void *)0)
      | 
..\src\DataStruct.h:24:9: error: unknown type name 'Student_Node'
   24 |         Student_Node *PNxStudent;
      |         ^~~~~~~~~~~~
..\src\DataStrct.c: In function 'Fill_info':
..\src\DataStrct.c:12:9: warning: implicit declaration of function 'printf' [-Wimplicit-function-declaration]
   12 |         printf("Please Enter ID:");
      |         ^~~~~~
..\src\DataStrct.c:8:1: note: include '<stdio.h>' or provide a declaration of 'printf'
    7 | #include "DataStruct.h"
  +++ |+#include <stdio.h>
    8 | 
..\src\DataStrct.c:12:9: warning: incompatible implicit declaration of built-in function 'printf' [-Wbuiltin-declaration-mismatch]
   12 |         printf("Please Enter ID:");
      |         ^~~~~~
..\src\DataStrct.c:12:9: note: include '<stdio.h>' or provide a declaration of 'printf'
..\src\DataStrct.c:13:9: warning: implicit declaration of function 'gets' [-Wimplicit-function-declaration]
   13 |         gets(temp);
      |         ^~~~
..\src\DataStrct.c:14:34: warning: pointer targets in passing argument 1 of 'atoi' differ in signedness [-Wpointer-sign]
   14 |         Student->student.id=atoi(temp);
      |                                  ^~~~
      |                                  |
      |                                  usint8_t * {aka unsigned char *}
c:\mingw\x86_64-w64-mingw32\include\stdlib.h:434:32: note: expected 'const char *' but argument is of type 'usint8_t *' {aka 'unsigned char *'}
  434 |   int __cdecl atoi(const char *_Str);
      |                    ~~~~~~~~~~~~^~~~
..\src\DataStrct.c:19:35: warning: pointer targets in passing argument 1 of 'atoi' differ in signedness [-Wpointer-sign]
   19 |         Student->student.age=atoi(temp);
      |                                   ^~~~
      |                                   |
      |                                   usint8_t * {aka unsigned char *}
c:\mingw\x86_64-w64-mingw32\include\stdlib.h:434:32: note: expected 'const char *' but argument is of type 'usint8_t *' {aka 'unsigned char *'}
  434 |   int __cdecl atoi(const char *_Str);
      |                    ~~~~~~~~~~~~^~~~
..\src\DataStrct.c:22:37: warning: pointer targets in passing argument 1 of 'atof' differ in signedness [-Wpointer-sign]
   22 |         Student->student.hight=atof(temp);
      |                                     ^~~~
      |                                     |
      |                                     usint8_t * {aka unsigned char *}
c:\mingw\x86_64-w64-mingw32\include\stdlib.h:431:35: note: expected 'const char *' but argument is of type 'usint8_t *' {aka 'unsigned char *'}
  431 |   double __cdecl atof(const char *_String);
      |                       ~~~~~~~~~~~~^~~~~~~
..\src\DataStrct.c: In function 'Add_student':
..\src\DataStrct.c:38:37: warning: assignment to 'Student_Node *' from incompatible pointer type 'int *' [-Wincompatible-pointer-types]
   38 |                         last_student=last_student->PNxStudent;
      |                                     ^
..\src\DataStrct.c:41:41: warning: assignment to 'int *' from incompatible pointer type 'Student_Node *' [-Wincompatible-pointer-types]
   41 |                 last_student->PNxStudent=New_student;
      |                                         ^
..\src\DataStrct.c: In function 'Delet_student':
..\src\DataStrct.c:58:35: warning: assignment to 'Student_Node *' from incompatible pointer type 'int *' [-Wincompatible-pointer-types]
   58 |                         g_fStudent=current_student->PNxStudent;
      |                                   ^
..\src\DataStrct.c:67:32: warning: assignment to 'Student_Node *' from incompatible pointer type 'int *' [-Wincompatible-pointer-types]
   67 |                 current_student=current_student->PNxStudent;
      |                                ^
..\src\DataStrct.c: In function 'view_AllStudents':
..\src\DataStrct.c:79:24: warning: assignment to 'Student_Node *' from incompatible pointer type 'int *' [-Wincompatible-pointer-types]
   79 |                 Student=Student->PNxStudent;
      |                        ^
..\src\DataStrct.c: In function 'Delet_AllStudents':
..\src\DataStrct.c:87:32: warning: assignment to 'Student_Node *' from incompatible pointer type 'int *' [-Wincompatible-pointer-types]
   87 |                 current_student=current_student->PNxStudent;
      |                                ^
..\src\DataStrct.c: In function 'Student_Print':
..\src\DataStrct.c:95:9: warning: incompatible implicit declaration of built-in function 'printf' [-Wbuiltin-declaration-mismatch]
   95 |         printf("Name:%s\n",Student->student.name);
      |         ^~~~~~
..\src\DataStrct.c:95:9: note: include '<stdio.h>' or provide a declaration of 'printf'
Info: Nothing to build for FIFO
Info: Nothing to build for LIFO
17:09:43 **** Incremental Build of configuration Debug for project Student_DataBase ****
Info: Internal Builder is used for build
gcc -O0 -g3 -Wall -c -fmessage-length=0 -o "src\\DataStrct.o" "..\\src\\DataStrct.c" 
In file included from ..\src\DataStrct.c:7:
..\src\DataStruct.h:13: warning: "NULL" redefined
   13 | #define NULL (void *)0
      | 
In file included from ..\src\DataStruct.h:11:
c:\mingw\x86_64-w64-mingw32\include\stdlib.h:40: note: this is the location of the previous definition
   40 | #define NULL ((void *)0)
      | 
..\src\DataStruct.h:25:9: error: unknown type name 'Student_Node'
   25 |         Student_Node *PNxStudent;
      |         ^~~~~~~~~~~~
..\src\DataStrct.c: In function 'Fill_info':
..\src\DataStrct.c:13:14: warning: pointer targets in passing argument 1 of 'gets' differ in signedness [-Wpointer-sign]
   13 |         gets(temp);
      |              ^~~~
      |              |
      |              usint8_t * {aka unsigned char *}
In file included from ..\src\DataStruct.h:12:
c:\mingw\x86_64-w64-mingw32\include\stdio.h:687:28: note: expected 'char *' but argument is of type 'usint8_t *' {aka 'unsigned char *'}
  687 |   char *__cdecl gets(char *_Buffer) __MINGW_ATTRIB_DEPRECATED_SEC_WARN;
      |                      ~~~~~~^~~~~~~
..\src\DataStrct.c:14:34: warning: pointer targets in passing argument 1 of 'atoi' differ in signedness [-Wpointer-sign]
   14 |         Student->student.id=atoi(temp);
      |                                  ^~~~
      |                                  |
      |                                  usint8_t * {aka unsigned char *}
c:\mingw\x86_64-w64-mingw32\include\stdlib.h:434:32: note: expected 'const char *' but argument is of type 'usint8_t *' {aka 'unsigned char *'}
  434 |   int __cdecl atoi(const char *_Str);
      |                    ~~~~~~~~~~~~^~~~
..\src\DataStrct.c:18:14: warning: pointer targets in passing argument 1 of 'gets' differ in signedness [-Wpointer-sign]
   18 |         gets(temp);
      |              ^~~~
      |              |
      |              usint8_t * {aka unsigned char *}
c:\mingw\x86_64-w64-mingw32\include\stdio.h:687:28: note: expected 'char *' but argument is of type 'usint8_t *' {aka 'unsigned char *'}
  687 |   char *__cdecl gets(char *_Buffer) __MINGW_ATTRIB_DEPRECATED_SEC_WARN;
      |                      ~~~~~~^~~~~~~
..\src\DataStrct.c:19:35: warning: pointer targets in passing argument 1 of 'atoi' differ in signedness [-Wpointer-sign]
   19 |         Student->student.age=atoi(temp);
      |                                   ^~~~
      |                                   |
      |                                   usint8_t * {aka unsigned char *}
c:\mingw\x86_64-w64-mingw32\include\stdlib.h:434:32: note: expected 'const char *' but argument is of type 'usint8_t *' {aka 'unsigned char *'}
  434 |   int __cdecl atoi(const char *_Str);
      |                    ~~~~~~~~~~~~^~~~
..\src\DataStrct.c:21:14: warning: pointer targets in passing argument 1 of 'gets' differ in signedness [-Wpointer-sign]
   21 |         gets(temp);
      |              ^~~~
      |              |
      |              usint8_t * {aka unsigned char *}
c:\mingw\x86_64-w64-mingw32\include\stdio.h:687:28: note: expected 'char *' but argument is of type 'usint8_t *' {aka 'unsigned char *'}
  687 |   char *__cdecl gets(char *_Buffer) __MINGW_ATTRIB_DEPRECATED_SEC_WARN;
      |                      ~~~~~~^~~~~~~
..\src\DataStrct.c:22:37: warning: pointer targets in passing argument 1 of 'atof' differ in signedness [-Wpointer-sign]
   22 |         Student->student.hight=atof(temp);
      |                                     ^~~~
      |                                     |
      |                                     usint8_t * {aka unsigned char *}
c:\mingw\x86_64-w64-mingw32\include\stdlib.h:431:35: note: expected 'const char *' but argument is of type 'usint8_t *' {aka 'unsigned char *'}
  431 |   double __cdecl atof(const char *_String);
      |                       ~~~~~~~~~~~~^~~~~~~
..\src\DataStrct.c: In function 'Add_student':
..\src\DataStrct.c:38:37: warning: assignment to 'Student_Node *' from incompatible pointer type 'int *' [-Wincompatible-pointer-types]
   38 |                         last_student=last_student->PNxStudent;
      |                                     ^
..\src\DataStrct.c:41:41: warning: assignment to 'int *' from incompatible pointer type 'Student_Node *' [-Wincompatible-pointer-types]
   41 |                 last_student->PNxStudent=New_student;
      |                                         ^
..\src\DataStrct.c: In function 'Delet_student':
..\src\DataStrct.c:58:35: warning: assignment to 'Student_Node *' from incompatible pointer type 'int *' [-Wincompatible-pointer-types]
   58 |                         g_fStudent=current_student->PNxStudent;
      |                                   ^
..\src\DataStrct.c:67:32: warning: assignment to 'Student_Node *' from incompatible pointer type 'int *' [-Wincompatible-pointer-types]
   67 |                 current_student=current_student->PNxStudent;
      |                                ^
..\src\DataStrct.c: In function 'view_AllStudents':
..\src\DataStrct.c:79:24: warning: assignment to 'Student_Node *' from incompatible pointer type 'int *' [-Wincompatible-pointer-types]
   79 |                 Student=Student->PNxStudent;
      |                        ^
..\src\DataStrct.c: In function 'Delet_AllStudents':
..\src\DataStrct.c:87:32: warning: assignment to 'Student_Node *' from incompatible pointer type 'int *' [-Wincompatible-pointer-types]
   87 |                 current_student=current_student->PNxStudent;
      |                                ^
Info: Nothing to build for FIFO
Info: Nothing to build for LIFO
17:10:42 **** Incremental Build of configuration Debug for project Student_DataBase ****
Info: Internal Builder is used for build
gcc -O0 -g3 -Wall -c -fmessage-length=0 -o "src\\Student_DataBase.o" "..\\src\\Student_DataBase.c" 
In file included from ..\src\Student_DataBase.c:13:
..\src\DataStruct.h:13: warning: "NULL" redefined
   13 | #define NULL (void *)0
      | 
In file included from ..\src\Student_DataBase.c:11:
c:\mingw\x86_64-w64-mingw32\include\stdio.h:87: note: this is the location of the previous definition
   87 | #define NULL ((void *)0)
      | 
..\src\DataStruct.h:25:9: error: unknown type name 'Student_Node'
   25 |         Student_Node* PNxStudent;
      |         ^~~~~~~~~~~~
..\src\Student_DataBase.c: In function 'main':
..\src\Student_DataBase.c:24:17: warning: format '%d' expects argument of type 'int *', but argument 2 has type 'usint8_t *' {aka 'unsigned char *'} [-Wformat=]
   24 |         scanf("%d",&choose);
      |                ~^  ~~~~~~~
      |                 |  |
      |                 |  usint8_t * {aka unsigned char *}
      |                 int *
      |                %hhd
..\src\Student_DataBase.c:31:25: warning: format '%d' expects argument of type 'int *', but argument 2 has type 'usint32_t' {aka 'unsigned int'} [-Wformat=]
   31 |                 scanf("%d",id);
      |                        ~^  ~~
      |                         |  |
      |                         |  usint32_t {aka unsigned int}
      |                         int *
Info: Nothing to build for FIFO
Info: Nothing to build for LIFO
17:13:45 **** Incremental Build of configuration Debug for project Student_DataBase ****
Info: Internal Builder is used for build
gcc -O0 -g3 -Wall -c -fmessage-length=0 -o "src\\Student_DataBase.o" "..\\src\\Student_DataBase.c" 
In file included from ..\src\Student_DataBase.c:13:
..\src\DataStruct.h:13: warning: "NULL" redefined
   13 | #define NULL (void *)0
      | 
In file included from ..\src\Student_DataBase.c:11:
c:\mingw\x86_64-w64-mingw32\include\stdio.h:87: note: this is the location of the previous definition
   87 | #define NULL ((void *)0)
      | 
..\src\DataStruct.h:25:9: error: unknown type name 'Student_Node'
   25 |         Student_Node* PNxStudent;
      |         ^~~~~~~~~~~~
..\src\Student_DataBase.c: In function 'main':
..\src\Student_DataBase.c:31:25: warning: format '%d' expects argument of type 'int *', but argument 2 has type 'usint32_t' {aka 'unsigned int'} [-Wformat=]
   31 |                 scanf("%d",id);
      |                        ~^  ~~
      |                         |  |
      |                         |  usint32_t {aka unsigned int}
      |                         int *
Info: Nothing to build for FIFO
Info: Nothing to build for LIFO
17:20:06 **** Incremental Build of configuration Debug for project Student_DataBase ****
Info: Internal Builder is used for build
gcc -O0 -g3 -Wall -c -fmessage-length=0 -o "src\\Student_DataBase.o" "..\\src\\Student_DataBase.c" 
In file included from ..\src\Student_DataBase.c:13:
..\src\DataStruct.h:13: warning: "NULL" redefined
   13 | #define NULL (void *)0
      | 
In file included from ..\src\Student_DataBase.c:11:
c:\mingw\x86_64-w64-mingw32\include\stdio.h:87: note: this is the location of the previous definition
   87 | #define NULL ((void *)0)
      | 
..\src\DataStruct.h:33:16: error: expected declaration specifiers or '...' before 'Student_Node'
   33 | void Fill_info(Student_Node *Student);
      |                ^~~~~~~~~~~~
..\src\DataStruct.h:38:20: error: expected declaration specifiers or '...' before 'Student_Node'
   38 | void Student_Print(Student_Node *Student);
      |                    ^~~~~~~~~~~~
..\src\Student_DataBase.c: In function 'main':
..\src\Student_DataBase.c:31:25: warning: format '%d' expects argument of type 'int *', but argument 2 has type 'usint32_t' {aka 'unsigned int'} [-Wformat=]
   31 |                 scanf("%d",id);
      |                        ~^  ~~
      |                         |  |
      |                         |  usint32_t {aka unsigned int}
      |                         int *
Info: Nothing to build for FIFO
Info: Nothing to build for LIFO
17:20:59 **** Incremental Build of configuration Debug for project Student_DataBase ****
Info: Internal Builder is used for build
gcc -O0 -g3 -Wall -c -fmessage-length=0 -o "src\\Student_DataBase.o" "..\\src\\Student_DataBase.c" 
In file included from ..\src\Student_DataBase.c:13:
..\src\DataStruct.h:13: warning: "NULL" redefined
   13 | #define NULL (void *)0
      | 
In file included from ..\src\Student_DataBase.c:11:
c:\mingw\x86_64-w64-mingw32\include\stdio.h:87: note: this is the location of the previous definition
   87 | #define NULL ((void *)0)
      | 
..\src\Student_DataBase.c: In function 'main':
..\src\Student_DataBase.c:31:25: warning: format '%d' expects argument of type 'int *', but argument 2 has type 'usint32_t' {aka 'unsigned int'} [-Wformat=]
   31 |                 scanf("%d",id);
      |                        ~^  ~~
      |                         |  |
      |                         |  usint32_t {aka unsigned int}
      |                         int *
..\src\Student_DataBase.c:31:17: warning: 'id' may be used uninitialized [-Wmaybe-uninitialized]
   31 |                 scanf("%d",id);
      |                 ^~~~~~~~~~~~~~
..\src\Student_DataBase.c:18:19: note: 'id' was declared here
   18 |         usint32_t id;
      |                   ^~
gcc -O0 -g3 -Wall -c -fmessage-length=0 -o "src\\DataStrct.o" "..\\src\\DataStrct.c" 
In file included from ..\src\DataStrct.c:7:
..\src\DataStruct.h:13: warning: "NULL" redefined
   13 | #define NULL (void *)0
      | 
In file included from ..\src\DataStruct.h:11:
c:\mingw\x86_64-w64-mingw32\include\stdlib.h:40: note: this is the location of the previous definition
   40 | #define NULL ((void *)0)
      | 
..\src\DataStrct.c: In function 'Fill_info':
..\src\DataStrct.c:13:14: warning: pointer targets in passing argument 1 of 'gets' differ in signedness [-Wpointer-sign]
   13 |         gets(temp);
      |              ^~~~
      |              |
      |              usint8_t * {aka unsigned char *}
In file included from ..\src\DataStruct.h:12:
c:\mingw\x86_64-w64-mingw32\include\stdio.h:687:28: note: expected 'char *' but argument is of type 'usint8_t *' {aka 'unsigned char *'}
  687 |   char *__cdecl gets(char *_Buffer) __MINGW_ATTRIB_DEPRECATED_SEC_WARN;
      |                      ~~~~~~^~~~~~~
..\src\DataStrct.c:14:16: error: invalid use of incomplete typedef 'Student_Node' {aka 'struct Student_N'}
   14 |         Student->student.id=atoi(temp);
      |                ^~
..\src\DataStrct.c:14:34: warning: pointer targets in passing argument 1 of 'atoi' differ in signedness [-Wpointer-sign]
   14 |         Student->student.id=atoi(temp);
      |                                  ^~~~
      |                                  |
      |                                  usint8_t * {aka unsigned char *}
c:\mingw\x86_64-w64-mingw32\include\stdlib.h:434:32: note: expected 'const char *' but argument is of type 'usint8_t *' {aka 'unsigned char *'}
  434 |   int __cdecl atoi(const char *_Str);
      |                    ~~~~~~~~~~~~^~~~
..\src\DataStrct.c:16:21: error: invalid use of incomplete typedef 'Student_Node' {aka 'struct Student_N'}
   16 |         gets(Student->student.name);
      |                     ^~
..\src\DataStrct.c:18:14: warning: pointer targets in passing argument 1 of 'gets' differ in signedness [-Wpointer-sign]
   18 |         gets(temp);
      |              ^~~~
      |              |
      |              usint8_t * {aka unsigned char *}
c:\mingw\x86_64-w64-mingw32\include\stdio.h:687:28: note: expected 'char *' but argument is of type 'usint8_t *' {aka 'unsigned char *'}
  687 |   char *__cdecl gets(char *_Buffer) __MINGW_ATTRIB_DEPRECATED_SEC_WARN;
      |                      ~~~~~~^~~~~~~
..\src\DataStrct.c:19:16: error: invalid use of incomplete typedef 'Student_Node' {aka 'struct Student_N'}
   19 |         Student->student.age=atoi(temp);
      |                ^~
..\src\DataStrct.c:19:35: warning: pointer targets in passing argument 1 of 'atoi' differ in signedness [-Wpointer-sign]
   19 |         Student->student.age=atoi(temp);
      |                                   ^~~~
      |                                   |
      |                                   usint8_t * {aka unsigned char *}
c:\mingw\x86_64-w64-mingw32\include\stdlib.h:434:32: note: expected 'const char *' but argument is of type 'usint8_t *' {aka 'unsigned char *'}
  434 |   int __cdecl atoi(const char *_Str);
      |                    ~~~~~~~~~~~~^~~~
..\src\DataStrct.c:21:14: warning: pointer targets in passing argument 1 of 'gets' differ in signedness [-Wpointer-sign]
   21 |         gets(temp);
      |              ^~~~
      |              |
      |              usint8_t * {aka unsigned char *}
c:\mingw\x86_64-w64-mingw32\include\stdio.h:687:28: note: expected 'char *' but argument is of type 'usint8_t *' {aka 'unsigned char *'}
  687 |   char *__cdecl gets(char *_Buffer) __MINGW_ATTRIB_DEPRECATED_SEC_WARN;
      |                      ~~~~~~^~~~~~~
..\src\DataStrct.c:22:16: error: invalid use of incomplete typedef 'Student_Node' {aka 'struct Student_N'}
   22 |         Student->student.hight=atof(temp);
      |                ^~
..\src\DataStrct.c:22:37: warning: pointer targets in passing argument 1 of 'atof' differ in signedness [-Wpointer-sign]
   22 |         Student->student.hight=atof(temp);
      |                                     ^~~~
      |                                     |
      |                                     usint8_t * {aka unsigned char *}
c:\mingw\x86_64-w64-mingw32\include\stdlib.h:431:35: note: expected 'const char *' but argument is of type 'usint8_t *' {aka 'unsigned char *'}
  431 |   double __cdecl atof(const char *_String);
      |                       ~~~~~~~~~~~~^~~~~~~
..\src\DataStrct.c: In function 'Add_student':
..\src\DataStrct.c:31:60: error: invalid application of 'sizeof' to incomplete type 'Student_Node' {aka 'struct Student_N'}
   31 |                 New_student= (Student_Node *)malloc(sizeof(Student_Node));
      |                                                            ^~~~~~~~~~~~
..\src\DataStrct.c:37:35: error: invalid use of incomplete typedef 'Student_Node' {aka 'struct Student_N'}
   37 |                 while(last_student->PNxStudent){
      |                                   ^~
..\src\DataStrct.c:38:50: error: invalid use of incomplete typedef 'Student_Node' {aka 'struct Student_N'}
   38 |                         last_student=last_student->PNxStudent;
      |                                                  ^~
..\src\DataStrct.c:40:59: error: invalid application of 'sizeof' to incomplete type 'Student_Node' {aka 'struct Student_N'}
   40 |                 New_student=(Student_Node *)malloc(sizeof(Student_Node));
      |                                                           ^~~~~~~~~~~~
..\src\DataStrct.c:41:29: error: invalid use of incomplete typedef 'Student_Node' {aka 'struct Student_N'}
   41 |                 last_student->PNxStudent=New_student;
      |                             ^~
..\src\DataStrct.c:44:20: error: invalid use of incomplete typedef 'Student_Node' {aka 'struct Student_N'}
   44 |         New_student->PNxStudent=NULL;
      |                    ^~
..\src\DataStrct.c: In function 'Delet_student':
..\src\DataStrct.c:53:35: error: invalid use of incomplete typedef 'Student_Node' {aka 'struct Student_N'}
   53 |                 if(current_student->student.id==wanted_id){
      |                                   ^~
..\src\DataStrct.c:55:37: error: invalid use of incomplete typedef 'Student_Node' {aka 'struct Student_N'}
   55 |                         prev_student->PNxStudent=current_student->PNxStudent;
      |                                     ^~
..\src\DataStrct.c:55:65: error: invalid use of incomplete typedef 'Student_Node' {aka 'struct Student_N'}
   55 |                         prev_student->PNxStudent=current_student->PNxStudent;
      |                                                                 ^~
..\src\DataStrct.c:58:51: error: invalid use of incomplete typedef 'Student_Node' {aka 'struct Student_N'}
   58 |                         g_fStudent=current_student->PNxStudent;
      |                                                   ^~
..\src\DataStrct.c:67:48: error: invalid use of incomplete typedef 'Student_Node' {aka 'struct Student_N'}
   67 |                 current_student=current_student->PNxStudent;
      |                                                ^~
..\src\DataStrct.c: In function 'view_AllStudents':
..\src\DataStrct.c:79:32: error: invalid use of incomplete typedef 'Student_Node' {aka 'struct Student_N'}
   79 |                 Student=Student->PNxStudent;
      |                                ^~
..\src\DataStrct.c: In function 'Delet_AllStudents':
..\src\DataStrct.c:87:48: error: invalid use of incomplete typedef 'Student_Node' {aka 'struct Student_N'}
   87 |                 current_student=current_student->PNxStudent;
      |                                                ^~
..\src\DataStrct.c: In function 'Student_Print':
..\src\DataStrct.c:95:35: error: invalid use of incomplete typedef 'Student_Node' {aka 'struct Student_N'}
   95 |         printf("Name:%s\n",Student->student.name);
      |                                   ^~
..\src\DataStrct.c:96:33: error: invalid use of incomplete typedef 'Student_Node' {aka 'struct Student_N'}
   96 |         printf("ID:%d\n",Student->student.id);
      |                                 ^~
..\src\DataStrct.c:97:34: error: invalid use of incomplete typedef 'Student_Node' {aka 'struct Student_N'}
   97 |         printf("Age:%d\n",Student->student.age);
      |                                  ^~
..\src\DataStrct.c:98:36: error: invalid use of incomplete typedef 'Student_Node' {aka 'struct Student_N'}
   98 |         printf("Hight:%f\n",Student->student.hight);
      |                                    ^~
Info: Nothing to build for FIFO
Info: Nothing to build for LIFO
17:21:07 **** Incremental Build of configuration Debug for project Student_DataBase ****
Info: Internal Builder is used for build
gcc -O0 -g3 -Wall -c -fmessage-length=0 -o "src\\Student_DataBase.o" "..\\src\\Student_DataBase.c" 
In file included from ..\src\Student_DataBase.c:13:
..\src\DataStruct.h:13: warning: "NULL" redefined
   13 | #define NULL (void *)0
      | 
In file included from ..\src\Student_DataBase.c:11:
c:\mingw\x86_64-w64-mingw32\include\stdio.h:87: note: this is the location of the previous definition
   87 | #define NULL ((void *)0)
      | 
..\src\DataStruct.h:33:16: error: expected declaration specifiers or '...' before 'Student_Node'
   33 | void Fill_info(Student_Node *Student);
      |                ^~~~~~~~~~~~
..\src\DataStruct.h:38:20: error: expected declaration specifiers or '...' before 'Student_Node'
   38 | void Student_Print(Student_Node *Student);
      |                    ^~~~~~~~~~~~
..\src\Student_DataBase.c: In function 'main':
..\src\Student_DataBase.c:31:25: warning: format '%d' expects argument of type 'int *', but argument 2 has type 'usint32_t' {aka 'unsigned int'} [-Wformat=]
   31 |                 scanf("%d",id);
      |                        ~^  ~~
      |                         |  |
      |                         |  usint32_t {aka unsigned int}
      |                         int *
Info: Nothing to build for FIFO
Info: Nothing to build for LIFO
17:21:20 **** Incremental Build of configuration Debug for project Student_DataBase ****
Info: Internal Builder is used for build
gcc -O0 -g3 -Wall -c -fmessage-length=0 -o "src\\Student_DataBase.o" "..\\src\\Student_DataBase.c" 
In file included from ..\src\Student_DataBase.c:13:
..\src\DataStruct.h:13: warning: "NULL" redefined
   13 | #define NULL (void *)0
      | 
In file included from ..\src\Student_DataBase.c:11:
c:\mingw\x86_64-w64-mingw32\include\stdio.h:87: note: this is the location of the previous definition
   87 | #define NULL ((void *)0)
      | 
..\src\Student_DataBase.c: In function 'main':
..\src\Student_DataBase.c:31:25: warning: format '%d' expects argument of type 'int *', but argument 2 has type 'usint32_t' {aka 'unsigned int'} [-Wformat=]
   31 |                 scanf("%d",id);
      |                        ~^  ~~
      |                         |  |
      |                         |  usint32_t {aka unsigned int}
      |                         int *
..\src\Student_DataBase.c:31:17: warning: 'id' may be used uninitialized [-Wmaybe-uninitialized]
   31 |                 scanf("%d",id);
      |                 ^~~~~~~~~~~~~~
..\src\Student_DataBase.c:18:19: note: 'id' was declared here
   18 |         usint32_t id;
      |                   ^~
gcc -O0 -g3 -Wall -c -fmessage-length=0 -o "src\\DataStrct.o" "..\\src\\DataStrct.c" 
In file included from ..\src\DataStrct.c:7:
..\src\DataStruct.h:13: warning: "NULL" redefined
   13 | #define NULL (void *)0
      | 
In file included from ..\src\DataStruct.h:11:
c:\mingw\x86_64-w64-mingw32\include\stdlib.h:40: note: this is the location of the previous definition
   40 | #define NULL ((void *)0)
      | 
..\src\DataStrct.c: In function 'Fill_info':
..\src\DataStrct.c:13:14: warning: pointer targets in passing argument 1 of 'gets' differ in signedness [-Wpointer-sign]
   13 |         gets(temp);
      |              ^~~~
      |              |
      |              usint8_t * {aka unsigned char *}
In file included from ..\src\DataStruct.h:12:
c:\mingw\x86_64-w64-mingw32\include\stdio.h:687:28: note: expected 'char *' but argument is of type 'usint8_t *' {aka 'unsigned char *'}
  687 |   char *__cdecl gets(char *_Buffer) __MINGW_ATTRIB_DEPRECATED_SEC_WARN;
      |                      ~~~~~~^~~~~~~
..\src\DataStrct.c:14:34: warning: pointer targets in passing argument 1 of 'atoi' differ in signedness [-Wpointer-sign]
   14 |         Student->student.id=atoi(temp);
      |                                  ^~~~
      |                                  |
      |                                  usint8_t * {aka unsigned char *}
c:\mingw\x86_64-w64-mingw32\include\stdlib.h:434:32: note: expected 'const char *' but argument is of type 'usint8_t *' {aka 'unsigned char *'}
  434 |   int __cdecl atoi(const char *_Str);
      |                    ~~~~~~~~~~~~^~~~
..\src\DataStrct.c:18:14: warning: pointer targets in passing argument 1 of 'gets' differ in signedness [-Wpointer-sign]
   18 |         gets(temp);
      |              ^~~~
      |              |
      |              usint8_t * {aka unsigned char *}
c:\mingw\x86_64-w64-mingw32\include\stdio.h:687:28: note: expected 'char *' but argument is of type 'usint8_t *' {aka 'unsigned char *'}
  687 |   char *__cdecl gets(char *_Buffer) __MINGW_ATTRIB_DEPRECATED_SEC_WARN;
      |                      ~~~~~~^~~~~~~
..\src\DataStrct.c:19:35: warning: pointer targets in passing argument 1 of 'atoi' differ in signedness [-Wpointer-sign]
   19 |         Student->student.age=atoi(temp);
      |                                   ^~~~
      |                                   |
      |                                   usint8_t * {aka unsigned char *}
c:\mingw\x86_64-w64-mingw32\include\stdlib.h:434:32: note: expected 'const char *' but argument is of type 'usint8_t *' {aka 'unsigned char *'}
  434 |   int __cdecl atoi(const char *_Str);
      |                    ~~~~~~~~~~~~^~~~
..\src\DataStrct.c:21:14: warning: pointer targets in passing argument 1 of 'gets' differ in signedness [-Wpointer-sign]
   21 |         gets(temp);
      |              ^~~~
      |              |
      |              usint8_t * {aka unsigned char *}
c:\mingw\x86_64-w64-mingw32\include\stdio.h:687:28: note: expected 'char *' but argument is of type 'usint8_t *' {aka 'unsigned char *'}
  687 |   char *__cdecl gets(char *_Buffer) __MINGW_ATTRIB_DEPRECATED_SEC_WARN;
      |                      ~~~~~~^~~~~~~
..\src\DataStrct.c:22:37: warning: pointer targets in passing argument 1 of 'atof' differ in signedness [-Wpointer-sign]
   22 |         Student->student.hight=atof(temp);
      |                                     ^~~~
      |                                     |
      |                                     usint8_t * {aka unsigned char *}
c:\mingw\x86_64-w64-mingw32\include\stdlib.h:431:35: note: expected 'const char *' but argument is of type 'usint8_t *' {aka 'unsigned char *'}
  431 |   double __cdecl atof(const char *_String);
      |                       ~~~~~~~~~~~~^~~~~~~
..\src\DataStrct.c: In function 'Add_student':
..\src\DataStrct.c:38:37: warning: assignment to 'Student_Node *' from incompatible pointer type 'struct Student_Node *' [-Wincompatible-pointer-types]
   38 |                         last_student=last_student->PNxStudent;
      |                                     ^
..\src\DataStrct.c:41:41: warning: assignment to 'struct Student_Node *' from incompatible pointer type 'Student_Node *' [-Wincompatible-pointer-types]
   41 |                 last_student->PNxStudent=New_student;
      |                                         ^
..\src\DataStrct.c: In function 'Delet_student':
..\src\DataStrct.c:58:35: warning: assignment to 'Student_Node *' from incompatible pointer type 'struct Student_Node *' [-Wincompatible-pointer-types]
   58 |                         g_fStudent=current_student->PNxStudent;
      |                                   ^
..\src\DataStrct.c:67:32: warning: assignment to 'Student_Node *' from incompatible pointer type 'struct Student_Node *' [-Wincompatible-pointer-types]
   67 |                 current_student=current_student->PNxStudent;
      |                                ^
..\src\DataStrct.c: In function 'view_AllStudents':
..\src\DataStrct.c:79:24: warning: assignment to 'Student_Node *' from incompatible pointer type 'struct Student_Node *' [-Wincompatible-pointer-types]
   79 |                 Student=Student->PNxStudent;
      |                        ^
..\src\DataStrct.c: In function 'Delet_AllStudents':
..\src\DataStrct.c:87:32: warning: assignment to 'Student_Node *' from incompatible pointer type 'struct Student_Node *' [-Wincompatible-pointer-types]
   87 |                 current_student=current_student->PNxStudent;
      |                                ^
gcc -o Student_DataBase.exe "src\\DataStrct.o" "src\\Student_DataBase.o" 
Info: Nothing to build for FIFO
Info: Nothing to build for LIFO
17:22:11 **** Incremental Build of configuration Debug for project Student_DataBase ****
Info: Internal Builder is used for build
gcc -O0 -g3 -Wall -c -fmessage-length=0 -o "src\\Student_DataBase.o" "..\\src\\Student_DataBase.c" 
In file included from ..\src\Student_DataBase.c:13:
..\src\DataStruct.h:13: warning: "NULL" redefined
   13 | #define NULL (void *)0
      | 
In file included from ..\src\Student_DataBase.c:11:
c:\mingw\x86_64-w64-mingw32\include\stdio.h:87: note: this is the location of the previous definition
   87 | #define NULL ((void *)0)
      | 
..\src\Student_DataBase.c: In function 'main':
..\src\Student_DataBase.c:31:25: warning: format '%d' expects argument of type 'int *', but argument 2 has type 'usint32_t' {aka 'unsigned int'} [-Wformat=]
   31 |                 scanf("%d",id);
      |                        ~^  ~~
      |                         |  |
      |                         |  usint32_t {aka unsigned int}
      |                         int *
gcc -o Student_DataBase.exe "src\\DataStrct.o" "src\\Student_DataBase.o" 
Info: Nothing to build for FIFO
Info: Nothing to build for LIFO
17:22:43 **** Incremental Build of configuration Debug for project Student_DataBase ****
Info: Internal Builder is used for build
gcc -O0 -g3 -Wall -c -fmessage-length=0 -o "src\\Student_DataBase.o" "..\\src\\Student_DataBase.c" 
In file included from ..\src\Student_DataBase.c:13:
..\src\DataStruct.h:13: warning: "NULL" redefined
   13 | #define NULL (void *)0
      | 
In file included from ..\src\Student_DataBase.c:11:
c:\mingw\x86_64-w64-mingw32\include\stdio.h:87: note: this is the location of the previous definition
   87 | #define NULL ((void *)0)
      | 
..\src\Student_DataBase.c: In function 'main':
..\src\Student_DataBase.c:31:25: warning: format '%u' expects argument of type 'unsigned int *', but argument 2 has type 'usint32_t' {aka 'unsigned int'} [-Wformat=]
   31 |                 scanf("%u",id);
      |                        ~^  ~~
      |                         |  |
      |                         |  usint32_t {aka unsigned int}
      |                         unsigned int *
gcc -o Student_DataBase.exe "src\\DataStrct.o" "src\\Student_DataBase.o" 
Info: Nothing to build for FIFO
Info: Nothing to build for LIFO
Info: Nothing to build for Student_DataBase
Info: Nothing to build for FIFO
Info: Nothing to build for LIFO
Info: Nothing to build for Student_DataBase
Info: Nothing to build for FIFO
Info: Nothing to build for FIFO
Info: Nothing to build for LIFO
Info: Nothing to build for Student_DataBase
Info: Nothing to build for Student_DataBase
Info: Nothing to build for FIFO
Info: Nothing to build for LIFO
17:23:37 **** Incremental Build of configuration Debug for project Student_DataBase ****
Info: Internal Builder is used for build
gcc -O0 -g3 -Wall -c -fmessage-length=0 -o "src\\Student_DataBase.o" "..\\src\\Student_DataBase.c" 
In file included from ..\src\Student_DataBase.c:13:
..\src\DataStruct.h:13: warning: "NULL" redefined
   13 | #define NULL (void *)0
      | 
In file included from ..\src\Student_DataBase.c:11:
c:\mingw\x86_64-w64-mingw32\include\stdio.h:87: note: this is the location of the previous definition
   87 | #define NULL ((void *)0)
      | 
..\src\Student_DataBase.c: In function 'main':
..\src\Student_DataBase.c:31:25: warning: format '%u' expects argument of type 'unsigned int *', but argument 2 has type 'usint32_t' {aka 'unsigned int'} [-Wformat=]
   31 |                 scanf("%u",id);
      |                        ~^  ~~
      |                         |  |
      |                         |  usint32_t {aka unsigned int}
      |                         unsigned int *
gcc -o Student_DataBase.exe "src\\DataStrct.o" "src\\Student_DataBase.o" 
Info: Nothing to build for Student_DataBase
