15:29:56 **** Build of configuration Debug for project LAB3 ****
make all 
Building file: ../main.c
Invoking: AVR Compiler
avr-gcc -Wall -g2 -gstabs -O0 -fpack-struct -fshort-enums -ffunction-sections -fdata-sections -std=gnu99 -funsigned-char -funsigned-bitfields -mmcu=atmega32 -DF_CPU=1000000UL -MMD -MP -MF"main.d" -MT"main.o" -c -o "main.o" "../main.c"
In file included from ../main.c:10:
c:/winavr-20100110/lib/gcc/../../avr/include/util/delay.h:90:3: warning: #warning "Compiler optimizations disabled; functions from <util/delay.h> won't work as designed"
../main.c:33: warning: return type of 'main' is not 'int'
Finished building: ../main.c
 
Building target: LAB3.elf
Invoking: AVR C Linker
avr-gcc -Wl,-Map,LAB3.map -mmcu=atmega32 -o "LAB3.elf"  ./main.o   
Finished building target: LAB3.elf
 
Invoking: AVR Create Extended Listing
avr-objdump -h -S LAB3.elf  >"LAB3.lss"
Finished building: LAB3.lss
 
Invoking: Print Size
avr-size --format=avr --mcu=atmega32 LAB3.elf
AVR Memory Usage
----------------
Device: atmega32

Program:    4254 bytes (13.0% Full)
(.text + .data + .bootloader)

Data:          8 bytes (0.4% Full)
(.data + .bss + .noinit)


Finished building: sizedummy
 
15:30:00 **** Incremental Build of configuration Debug for project LAB3 ****
make all 
Invoking: Print Size
avr-size --format=avr --mcu=atmega32 LAB3.elf
AVR Memory Usage
----------------
Device: atmega32

Program:    4254 bytes (13.0% Full)
(.text + .data + .bootloader)

Data:          8 bytes (0.4% Full)
(.data + .bss + .noinit)


Finished building: sizedummy
 
15:35:27 **** Incremental Build of configuration Debug for project LAB3 ****
make all 
Building file: ../main.c
Invoking: AVR Compiler
avr-gcc -gdwarf-2 -Wall -g2 -gstabs -O0 -fpack-struct -fshort-enums -ffunction-sections -fdata-sections -std=gnu99 -funsigned-char -funsigned-bitfields -mmcu=atmega32 -DF_CPU=1000000UL -MMD -MP -MF"main.d" -MT"main.o" -c -o "main.o" "../main.c"
cc1.exe: error: debug format "stabs" conflicts with prior selection
make: *** [main.o] Error 1
"make all" terminated with exit code 2. Build might be incomplete.
15:35:29 **** Incremental Build of configuration Debug for project LAB3 ****
make all 
Building file: ../main.c
Invoking: AVR Compiler
avr-gcc -gdwarf-2 -Wall -g2 -gstabs -O0 -fpack-struct -fshort-enums -ffunction-sections -fdata-sections -std=gnu99 -funsigned-char -funsigned-bitfields -mmcu=atmega32 -DF_CPU=1000000UL -MMD -MP -MF"main.d" -MT"main.o" -c -o "main.o" "../main.c"
cc1.exe: error: debug format "stabs" conflicts with prior selection
make: *** [main.o] Error 1
"make all" terminated with exit code 2. Build might be incomplete.
15:35:31 **** Incremental Build of configuration Debug for project LAB3 ****
make all 
Building file: ../main.c
Invoking: AVR Compiler
avr-gcc -gdwarf-2 -Wall -g2 -gstabs -O0 -fpack-struct -fshort-enums -ffunction-sections -fdata-sections -std=gnu99 -funsigned-char -funsigned-bitfields -mmcu=atmega32 -DF_CPU=1000000UL -MMD -MP -MF"main.d" -MT"main.o" -c -o "main.o" "../main.c"
cc1.exe: error: debug format "stabs" conflicts with prior selection
make: *** [main.o] Error 1
"make all" terminated with exit code 2. Build might be incomplete.
15:36:28 **** Incremental Build of configuration Debug for project LAB3 ****
make all 
Building file: ../main.c
Invoking: AVR Compiler
avr-gcc -gdwarf-2 -Wall -g2 -gstabs -O0 -fpack-struct -fshort-enums -ffunction-sections -fdata-sections -std=gnu99 -funsigned-char -funsigned-bitfields -mmcu=atmega32 -DF_CPU=1000000UL -MMD -MP -MF"main.d" -MT"main.o" -c -o "main.o" "../main.c"
cc1.exe: error: debug format "stabs" conflicts with prior selection
make: *** [main.o] Error 1
"make all" terminated with exit code 2. Build might be incomplete.
15:37:29 **** Incremental Build of configuration Debug for project LAB3 ****
make all 
Building file: ../main.c
Invoking: AVR Compiler
avr-gcc -Wall -g2 -gstabs -O0 -fpack-struct -fshort-enums -ffunction-sections -fdata-sections -std=gnu99 -funsigned-char -funsigned-bitfields -mmcu=atmega32 -DF_CPU=1000000UL -MMD -MP -MF"main.d" -MT"main.o" -c -o "main.o" "../main.c"
In file included from ../main.c:10:
c:/winavr-20100110/lib/gcc/../../avr/include/util/delay.h:90:3: warning: #warning "Compiler optimizations disabled; functions from <util/delay.h> won't work as designed"
../main.c:33: warning: return type of 'main' is not 'int'
Finished building: ../main.c
 
Building target: LAB3.elf
Invoking: AVR C Linker
avr-gcc -Wl,-Map,LAB3.map -mmcu=atmega32 -o "LAB3.elf"  ./main.o   
Finished building target: LAB3.elf
 
Invoking: AVR Create Extended Listing
avr-objdump -h -S LAB3.elf  >"LAB3.lss"
Finished building: LAB3.lss
 
Invoking: Print Size
avr-size --format=avr --mcu=atmega32 LAB3.elf
AVR Memory Usage
----------------
Device: atmega32

Program:    4254 bytes (13.0% Full)
(.text + .data + .bootloader)

Data:          8 bytes (0.4% Full)
(.data + .bss + .noinit)


Finished building: sizedummy
 
15:38:19 **** Incremental Build of configuration Debug for project LAB3 ****
make all 
Building file: ../main.c
Invoking: AVR Compiler
avr-gcc -Wall -g2 -gstabs -O0 -fpack-struct -fshort-enums -ffunction-sections -fdata-sections -std=gnu99 -funsigned-char -funsigned-bitfields -mmcu=atmega32 -DF_CPU=1000000UL -MMD -MP -MF"main.d" -MT"main.o" -c -o "main.o" "../main.c"  -gdwarf-2
cc1.exe: error: debug format "dwarf-2" conflicts with prior selection
make: *** [main.o] Error 1
"make all" terminated with exit code 2. Build might be incomplete.
15:38:47 **** Incremental Build of configuration Debug for project LAB3 ****
make all 
Building file: ../main.c
Invoking: AVR Compiler
gdwarf-2 avr-gcc -Wall -g2 -gstabs -O0 -fpack-struct -fshort-enums -ffunction-sections -fdata-sections -std=gnu99 -funsigned-char -funsigned-bitfields -mmcu=atmega32 -DF_CPU=1000000UL -MMD -MP -MF"main.d" -MT"main.o" -c -o "main.o" "../main.c"
/usr/bin/sh: gdwarf-2: command not found
make: [main.o] Error 127 (ignored)
Finished building: ../main.c
 
Building target: LAB3.elf
Invoking: AVR C Linker
avr-gcc -Wl,-Map,LAB3.map -mmcu=atmega32 -o "LAB3.elf"  ./main.o   
avr-gcc.exe: ./main.o: No such file or directory
make: *** [LAB3.elf] Error 1
"make all" terminated with exit code 2. Build might be incomplete.
15:39:15 **** Incremental Build of configuration Debug for project LAB3 ****
make all 
Building file: ../main.c
Invoking: AVR Compiler
avr-gcc-gdwarf-2 -Wall -g2 -gstabs -O0 -fpack-struct -fshort-enums -ffunction-sections -fdata-sections -std=gnu99 -funsigned-char -funsigned-bitfields -mmcu=atmega32 -DF_CPU=1000000UL -MMD -MP -MF"main.d" -MT"main.o" -c -o "main.o" "../main.c"
/usr/bin/sh: avr-gcc-gdwarf-2: command not found
make: *** [main.o] Error 127
"make all" terminated with exit code 2. Build might be incomplete.
15:39:26 **** Incremental Build of configuration Debug for project LAB3 ****
make all 
Building file: ../main.c
Invoking: AVR Compiler
avr-gcc -gdwarf-2 -Wall -g2 -gstabs -O0 -fpack-struct -fshort-enums -ffunction-sections -fdata-sections -std=gnu99 -funsigned-char -funsigned-bitfields -mmcu=atmega32 -DF_CPU=1000000UL -MMD -MP -MF"main.d" -MT"main.o" -c -o "main.o" "../main.c"
cc1.exe: error: debug format "stabs" conflicts with prior selection
make: *** [main.o] Error 1
"make all" terminated with exit code 2. Build might be incomplete.
15:39:45 **** Incremental Build of configuration Debug for project LAB3 ****
make all 
Building file: ../main.c
Invoking: AVR Compiler
avr-gcc -Wall -g2 -gstabs -O0 -fpack-struct -fshort-enums -ffunction-sections -fdata-sections -std=gnu99 -funsigned-char -funsigned-bitfields -mmcu=atmega32 -DF_CPU=1000000UL -MMD -MP -MF"main.d" -MT"main.o" -c -o "main.o" "../main.c"
In file included from ../main.c:10:
c:/winavr-20100110/lib/gcc/../../avr/include/util/delay.h:90:3: warning: #warning "Compiler optimizations disabled; functions from <util/delay.h> won't work as designed"
../main.c:33: warning: return type of 'main' is not 'int'
Finished building: ../main.c
 
Building target: LAB3.elf
Invoking: AVR C Linker
avr-gcc -Wl,-Map,LAB3.map -mmcu=atmega32 -o "LAB3.elf"  ./main.o   
Finished building target: LAB3.elf
 
Invoking: AVR Create Extended Listing
avr-objdump -h -S LAB3.elf  >"LAB3.lss"
Finished building: LAB3.lss
 
Invoking: Print Size
avr-size --format=avr --mcu=atmega32 LAB3.elf
AVR Memory Usage
----------------
Device: atmega32

Program:    4254 bytes (13.0% Full)
(.text + .data + .bootloader)

Data:          8 bytes (0.4% Full)
(.data + .bss + .noinit)


Finished building: sizedummy
 
15:39:49 **** Incremental Build of configuration Debug for project LAB3 ****
make all 
Invoking: Print Size
avr-size --format=avr --mcu=atmega32 LAB3.elf
AVR Memory Usage
----------------
Device: atmega32

Program:    4254 bytes (13.0% Full)
(.text + .data + .bootloader)

Data:          8 bytes (0.4% Full)
(.data + .bss + .noinit)


Finished building: sizedummy
 
15:42:36 **** Incremental Build of configuration Debug for project LAB3 ****
make all 
Building file: ../main.c
Invoking: AVR Compiler
avr-gcc -Wall -g2 -gstabs -O0 -fpack-struct -fshort-enums -ffunction-sections -fdata-sections -std=gnu99 -funsigned-char -funsigned-bitfields -mmcu=atmega32 -DF_CPU=1000000UL -MMD -MP -MF"main.d" -MT"main.o" -c -o "main.o" "../main.c"
In file included from ../main.c:10:
c:/winavr-20100110/lib/gcc/../../avr/include/util/delay.h:90:3: warning: #warning "Compiler optimizations disabled; functions from <util/delay.h> won't work as designed"
../main.c:33: warning: return type of 'main' is not 'int'
Finished building: ../main.c
 
Building target: LAB3.elf
Invoking: AVR C Linker
avr-gcc -Wl,-Map,LAB3.map -mmcu=atmega32 -o "LAB3.elf"  ./main.o   
Finished building target: LAB3.elf
 
Invoking: AVR Create Extended Listing
avr-objdump -h -S LAB3.elf  >"LAB3.lss"
Finished building: LAB3.lss
 
Invoking: Print Size
avr-size --format=avr --mcu=atmega32 LAB3.elf
AVR Memory Usage
----------------
Device: atmega32

Program:    4254 bytes (13.0% Full)
(.text + .data + .bootloader)

Data:          8 bytes (0.4% Full)
(.data + .bss + .noinit)


Finished building: sizedummy
 
15:42:38 **** Incremental Build of configuration Debug for project LAB3 ****
make all 
Invoking: Print Size
avr-size --format=avr --mcu=atmega32 LAB3.elf
AVR Memory Usage
----------------
Device: atmega32

Program:    4254 bytes (13.0% Full)
(.text + .data + .bootloader)

Data:          8 bytes (0.4% Full)
(.data + .bss + .noinit)


Finished building: sizedummy
 
15:43:19 **** Incremental Build of configuration Debug for project LAB3 ****
make all 
Building file: ../main.c
Invoking: AVR Compiler
avr-gcc -Wall -g2 -gstabs -O0 -fpack-struct -fshort-enums -ffunction-sections -fdata-sections -std=gnu99 -funsigned-char -funsigned-bitfields -mmcu=atmega32 -DF_CPU=1000000UL -MMD -MP -MF"main.d" -MT"main.o" -c -o "main.o" "../main.c"
In file included from ../main.c:10:
c:/winavr-20100110/lib/gcc/../../avr/include/util/delay.h:90:3: warning: #warning "Compiler optimizations disabled; functions from <util/delay.h> won't work as designed"
../main.c:33: warning: return type of 'main' is not 'int'
Finished building: ../main.c
 
Building target: LAB3.elf
Invoking: AVR C Linker
avr-gcc -Wl,-Map,LAB3.map -mmcu=atmega32 -o "LAB3.elf"  ./main.o   
Finished building target: LAB3.elf
 
Invoking: AVR Create Extended Listing
avr-objdump -h -S LAB3.elf  >"LAB3.lss"
Finished building: LAB3.lss
 
Invoking: Print Size
avr-size --format=avr --mcu=atmega32 LAB3.elf
AVR Memory Usage
----------------
Device: atmega32

Program:    4282 bytes (13.1% Full)
(.text + .data + .bootloader)

Data:          8 bytes (0.4% Full)
(.data + .bss + .noinit)


Finished building: sizedummy
 
15:43:21 **** Incremental Build of configuration Debug for project LAB3 ****
make all 
Invoking: Print Size
avr-size --format=avr --mcu=atmega32 LAB3.elf
AVR Memory Usage
----------------
Device: atmega32

Program:    4282 bytes (13.1% Full)
(.text + .data + .bootloader)

Data:          8 bytes (0.4% Full)
(.data + .bss + .noinit)


Finished building: sizedummy
 
15:44:09 **** Incremental Build of configuration Debug for project LAB3 ****
make all 
Building file: ../main.c
Invoking: AVR Compiler
avr-gcc -Wall -g2 -gstabs -O0 -fpack-struct -fshort-enums -ffunction-sections -fdata-sections -std=gnu99 -funsigned-char -funsigned-bitfields -mmcu=atmega32 -DF_CPU=1000000UL -MMD -MP -MF"main.d" -MT"main.o" -c -o "main.o" "../main.c"
In file included from ../main.c:10:
c:/winavr-20100110/lib/gcc/../../avr/include/util/delay.h:90:3: warning: #warning "Compiler optimizations disabled; functions from <util/delay.h> won't work as designed"
../main.c:33: warning: return type of 'main' is not 'int'
Finished building: ../main.c
 
Building target: LAB3.elf
Invoking: AVR C Linker
avr-gcc -Wl,-Map,LAB3.map -mmcu=atmega32 -o "LAB3.elf"  ./main.o   
Finished building target: LAB3.elf
 
Invoking: AVR Create Extended Listing
avr-objdump -h -S LAB3.elf  >"LAB3.lss"
Finished building: LAB3.lss
 
Invoking: Print Size
avr-size --format=avr --mcu=atmega32 LAB3.elf
AVR Memory Usage
----------------
Device: atmega32

Program:    4282 bytes (13.1% Full)
(.text + .data + .bootloader)

Data:          8 bytes (0.4% Full)
(.data + .bss + .noinit)


Finished building: sizedummy
 
15:44:23 **** Incremental Build of configuration Debug for project LAB3 ****
make all 
Invoking: Print Size
avr-size --format=avr --mcu=atmega32 LAB3.elf
AVR Memory Usage
----------------
Device: atmega32

Program:    4282 bytes (13.1% Full)
(.text + .data + .bootloader)

Data:          8 bytes (0.4% Full)
(.data + .bss + .noinit)


Finished building: sizedummy
 
15:46:07 **** Incremental Build of configuration Debug for project LAB3 ****
make all 
Building file: ../main.c
Invoking: AVR Compiler
avr-gcc -Wall -g2 -gstabs -O0 -fpack-struct -fshort-enums -ffunction-sections -fdata-sections -std=gnu99 -funsigned-char -funsigned-bitfields -mmcu=atmega32 -DF_CPU=1000000UL -MMD -MP -MF"main.d" -MT"main.o" -c -o "main.o" "../main.c"
In file included from ../main.c:10:
c:/winavr-20100110/lib/gcc/../../avr/include/util/delay.h:90:3: warning: #warning "Compiler optimizations disabled; functions from <util/delay.h> won't work as designed"
../main.c:33: warning: return type of 'main' is not 'int'
Finished building: ../main.c
 
Building target: LAB3.elf
Invoking: AVR C Linker
avr-gcc -Wl,-Map,LAB3.map -mmcu=atmega32 -o "LAB3.elf"  ./main.o   
Finished building target: LAB3.elf
 
Invoking: AVR Create Extended Listing
avr-objdump -h -S LAB3.elf  >"LAB3.lss"
Finished building: LAB3.lss
 
Invoking: Print Size
avr-size --format=avr --mcu=atmega32 LAB3.elf
AVR Memory Usage
----------------
Device: atmega32

Program:    4738 bytes (14.5% Full)
(.text + .data + .bootloader)

Data:          8 bytes (0.4% Full)
(.data + .bss + .noinit)


Finished building: sizedummy
 
15:52:02 **** Incremental Build of configuration Debug for project LAB3 ****
make all 
Building file: ../main.c
Invoking: AVR Compiler
avr-gcc -Wall -g2 -gstabs -O0 -fpack-struct -fshort-enums -ffunction-sections -fdata-sections -std=gnu99 -funsigned-char -funsigned-bitfields -mmcu=atmega32 -DF_CPU=1000000UL -MMD -MP -MF"main.d" -MT"main.o" -c -o "main.o" "../main.c"
In file included from ../main.c:10:
c:/winavr-20100110/lib/gcc/../../avr/include/util/delay.h:90:3: warning: #warning "Compiler optimizations disabled; functions from <util/delay.h> won't work as designed"
../main.c:33: warning: return type of 'main' is not 'int'
Finished building: ../main.c
 
Building target: LAB3.elf
Invoking: AVR C Linker
avr-gcc -Wl,-Map,LAB3.map -mmcu=atmega32 -o "LAB3.elf"  ./main.o   
Finished building target: LAB3.elf
 
Invoking: AVR Create Extended Listing
avr-objdump -h -S LAB3.elf  >"LAB3.lss"
Finished building: LAB3.lss
 
Invoking: Print Size
avr-size --format=avr --mcu=atmega32 LAB3.elf
AVR Memory Usage
----------------
Device: atmega32

Program:    4710 bytes (14.4% Full)
(.text + .data + .bootloader)

Data:          8 bytes (0.4% Full)
(.data + .bss + .noinit)


Finished building: sizedummy
 
15:52:04 **** Incremental Build of configuration Debug for project LAB3 ****
make all 
Invoking: Print Size
avr-size --format=avr --mcu=atmega32 LAB3.elf
AVR Memory Usage
----------------
Device: atmega32

Program:    4710 bytes (14.4% Full)
(.text + .data + .bootloader)

Data:          8 bytes (0.4% Full)
(.data + .bss + .noinit)


Finished building: sizedummy
 
15:52:47 **** Incremental Build of configuration Debug for project LAB3 ****
make all 
Building file: ../main.c
Invoking: AVR Compiler
avr-gcc -Wall -g2 -gstabs -O0 -fpack-struct -fshort-enums -ffunction-sections -fdata-sections -std=gnu99 -funsigned-char -funsigned-bitfields -mmcu=atmega32 -DF_CPU=1000000UL -MMD -MP -MF"main.d" -MT"main.o" -c -o "main.o" "../main.c"
In file included from ../main.c:10:
c:/winavr-20100110/lib/gcc/../../avr/include/util/delay.h:90:3: warning: #warning "Compiler optimizations disabled; functions from <util/delay.h> won't work as designed"
../main.c:33: warning: return type of 'main' is not 'int'
Finished building: ../main.c
 
Building target: LAB3.elf
Invoking: AVR C Linker
avr-gcc -Wl,-Map,LAB3.map -mmcu=atmega32 -o "LAB3.elf"  ./main.o   
Finished building target: LAB3.elf
 
Invoking: AVR Create Extended Listing
avr-objdump -h -S LAB3.elf  >"LAB3.lss"
Finished building: LAB3.lss
 
Invoking: Print Size
avr-size --format=avr --mcu=atmega32 LAB3.elf
AVR Memory Usage
----------------
Device: atmega32

Program:    4710 bytes (14.4% Full)
(.text + .data + .bootloader)

Data:          8 bytes (0.4% Full)
(.data + .bss + .noinit)


Finished building: sizedummy
 
15:54:25 **** Incremental Build of configuration Debug for project LAB3 ****
make all 
Building file: ../main.c
Invoking: AVR Compiler
avr-gcc -Wall -g2 -gstabs -O0 -fpack-struct -fshort-enums -ffunction-sections -fdata-sections -std=gnu99 -funsigned-char -funsigned-bitfields -mmcu=atmega32 -DF_CPU=1000000UL -MMD -MP -MF"main.d" -MT"main.o" -c -o "main.o" "../main.c"
In file included from ../main.c:10:
c:/winavr-20100110/lib/gcc/../../avr/include/util/delay.h:90:3: warning: #warning "Compiler optimizations disabled; functions from <util/delay.h> won't work as designed"
../main.c:33: warning: return type of 'main' is not 'int'
Finished building: ../main.c
 
Building target: LAB3.elf
Invoking: AVR C Linker
avr-gcc -Wl,-Map,LAB3.map -mmcu=atmega32 -o "LAB3.elf"  ./main.o   
Finished building target: LAB3.elf
 
Invoking: AVR Create Extended Listing
avr-objdump -h -S LAB3.elf  >"LAB3.lss"
Finished building: LAB3.lss
 
Invoking: Print Size
avr-size --format=avr --mcu=atmega32 LAB3.elf
AVR Memory Usage
----------------
Device: atmega32

Program:    4254 bytes (13.0% Full)
(.text + .data + .bootloader)

Data:          8 bytes (0.4% Full)
(.data + .bss + .noinit)


Finished building: sizedummy
 
15:55:23 **** Incremental Build of configuration Debug for project LAB3 ****
make all 
Invoking: Print Size
avr-size --format=avr --mcu=atmega32 LAB3.elf
AVR Memory Usage
----------------
Device: atmega32

Program:    4254 bytes (13.0% Full)
(.text + .data + .bootloader)

Data:          8 bytes (0.4% Full)
(.data + .bss + .noinit)


Finished building: sizedummy
 
15:57:02 **** Incremental Build of configuration Debug for project LAB3 ****
make all 
Building file: ../main.c
Invoking: AVR Compiler
avr-gcc -Wall -g2 -gstabs -O0 -fpack-struct -fshort-enums -ffunction-sections -fdata-sections -std=gnu99 -funsigned-char -funsigned-bitfields -mmcu=atmega32 -DF_CPU=1000000UL -MMD -MP -MF"main.d" -MT"main.o" -c -o "main.o" "../main.c"
In file included from ../main.c:10:
c:/winavr-20100110/lib/gcc/../../avr/include/util/delay.h:90:3: warning: #warning "Compiler optimizations disabled; functions from <util/delay.h> won't work as designed"
../main.c:33: warning: return type of 'main' is not 'int'
Finished building: ../main.c
 
Building target: LAB3.elf
Invoking: AVR C Linker
avr-gcc -Wl,-Map,LAB3.map -mmcu=atmega32 -o "LAB3.elf"  ./main.o   
Finished building target: LAB3.elf
 
Invoking: AVR Create Extended Listing
avr-objdump -h -S LAB3.elf  >"LAB3.lss"
Finished building: LAB3.lss
 
Invoking: Print Size
avr-size --format=avr --mcu=atmega32 LAB3.elf
AVR Memory Usage
----------------
Device: atmega32

Program:    4254 bytes (13.0% Full)
(.text + .data + .bootloader)

Data:          8 bytes (0.4% Full)
(.data + .bss + .noinit)


Finished building: sizedummy
 
15:58:21 **** Incremental Build of configuration Debug for project LAB3 ****
make all 
Building file: ../main.c
Invoking: AVR Compiler
avr-gcc -Wall -g2 -gstabs -O0 -fpack-struct -fshort-enums -ffunction-sections -fdata-sections -std=gnu99 -funsigned-char -funsigned-bitfields -mmcu=atmega32 -DF_CPU=1000000UL -MMD -MP -MF"main.d" -MT"main.o" -c -o "main.o" "../main.c"
In file included from ../main.c:10:
c:/winavr-20100110/lib/gcc/../../avr/include/util/delay.h:90:3: warning: #warning "Compiler optimizations disabled; functions from <util/delay.h> won't work as designed"
../main.c:33: warning: return type of 'main' is not 'int'
Finished building: ../main.c
 
Building target: LAB3.elf
Invoking: AVR C Linker
avr-gcc -Wl,-Map,LAB3.map -mmcu=atmega32 -o "LAB3.elf"  ./main.o   
Finished building target: LAB3.elf
 
Invoking: AVR Create Extended Listing
avr-objdump -h -S LAB3.elf  >"LAB3.lss"
Finished building: LAB3.lss
 
Invoking: Print Size
avr-size --format=avr --mcu=atmega32 LAB3.elf
AVR Memory Usage
----------------
Device: atmega32

Program:    4296 bytes (13.1% Full)
(.text + .data + .bootloader)

Data:          8 bytes (0.4% Full)
(.data + .bss + .noinit)


Finished building: sizedummy
 
15:59:56 **** Incremental Build of configuration Debug for project LAB3 ****
make all 
Building file: ../main.c
Invoking: AVR Compiler
avr-gcc -Wall -g2 -gstabs -O0 -fpack-struct -fshort-enums -ffunction-sections -fdata-sections -std=gnu99 -funsigned-char -funsigned-bitfields -mmcu=atmega32 -DF_CPU=1000000UL -MMD -MP -MF"main.d" -MT"main.o" -c -o "main.o" "../main.c"
In file included from ../main.c:10:
c:/winavr-20100110/lib/gcc/../../avr/include/util/delay.h:90:3: warning: #warning "Compiler optimizations disabled; functions from <util/delay.h> won't work as designed"
../main.c:33: warning: return type of 'main' is not 'int'
Finished building: ../main.c
 
Building target: LAB3.elf
Invoking: AVR C Linker
avr-gcc -Wl,-Map,LAB3.map -mmcu=atmega32 -o "LAB3.elf"  ./main.o   
Finished building target: LAB3.elf
 
Invoking: AVR Create Extended Listing
avr-objdump -h -S LAB3.elf  >"LAB3.lss"
Finished building: LAB3.lss
 
Invoking: Print Size
avr-size --format=avr --mcu=atmega32 LAB3.elf
AVR Memory Usage
----------------
Device: atmega32

Program:    4938 bytes (15.1% Full)
(.text + .data + .bootloader)

Data:          8 bytes (0.4% Full)
(.data + .bss + .noinit)


Finished building: sizedummy
 
16:00:30 **** Incremental Build of configuration Debug for project LAB3 ****
make all 
Building file: ../main.c
Invoking: AVR Compiler
avr-gcc -Wall -g3 -gdwarf-2 -O0 -fpack-struct -fshort-enums -ffunction-sections -fdata-sections -std=gnu99 -funsigned-char -funsigned-bitfields -mmcu=atmega32 -DF_CPU=1000000UL -MMD -MP -MF"main.d" -MT"main.o" -c -o "main.o" "../main.c"
In file included from ../main.c:10:
c:/winavr-20100110/lib/gcc/../../avr/include/util/delay.h:90:3: warning: #warning "Compiler optimizations disabled; functions from <util/delay.h> won't work as designed"
../main.c:33: warning: return type of 'main' is not 'int'
Finished building: ../main.c
 
Building target: LAB3.elf
Invoking: AVR C Linker
avr-gcc -Wl,-Map,LAB3.map -mmcu=atmega32 -o "LAB3.elf"  ./main.o   
Finished building target: LAB3.elf
 
Invoking: AVR Create Extended Listing
avr-objdump -h -S LAB3.elf  >"LAB3.lss"
Finished building: LAB3.lss
 
Invoking: Print Size
avr-size --format=avr --mcu=atmega32 LAB3.elf
AVR Memory Usage
----------------
Device: atmega32

Program:    4938 bytes (15.1% Full)
(.text + .data + .bootloader)

Data:          8 bytes (0.4% Full)
(.data + .bss + .noinit)


Finished building: sizedummy
 
16:00:32 **** Incremental Build of configuration Debug for project LAB3 ****
make all 
Invoking: Print Size
avr-size --format=avr --mcu=atmega32 LAB3.elf
AVR Memory Usage
----------------
Device: atmega32

Program:    4938 bytes (15.1% Full)
(.text + .data + .bootloader)

Data:          8 bytes (0.4% Full)
(.data + .bss + .noinit)


Finished building: sizedummy
 
16:02:18 **** Incremental Build of configuration Debug for project LAB3 ****
make all 
Building file: ../main.c
Invoking: AVR Compiler
avr-gcc -Wall -g3 -gdwarf-2 -O0 -fpack-struct -fshort-enums -ffunction-sections -fdata-sections -std=gnu99 -funsigned-char -funsigned-bitfields -mmcu=atmega32 -DF_CPU=1000000UL -MMD -MP -MF"main.d" -MT"main.o" -c -o "main.o" "../main.c"
In file included from ../main.c:10:
c:/winavr-20100110/lib/gcc/../../avr/include/util/delay.h:90:3: warning: #warning "Compiler optimizations disabled; functions from <util/delay.h> won't work as designed"
../main.c:33: warning: return type of 'main' is not 'int'
Finished building: ../main.c
 
Building target: LAB3.elf
Invoking: AVR C Linker
avr-gcc -Wl,-Map,LAB3.map -mmcu=atmega32 -o "LAB3.elf"  ./main.o   
Finished building target: LAB3.elf
 
Invoking: AVR Create Extended Listing
avr-objdump -h -S LAB3.elf  >"LAB3.lss"
Finished building: LAB3.lss
 
Invoking: Print Size
avr-size --format=avr --mcu=atmega32 LAB3.elf
AVR Memory Usage
----------------
Device: atmega32

Program:    4980 bytes (15.2% Full)
(.text + .data + .bootloader)

Data:          8 bytes (0.4% Full)
(.data + .bss + .noinit)


Finished building: sizedummy
 
16:06:06 **** Incremental Build of configuration Debug for project LAB3 ****
make all 
Building file: ../main.c
Invoking: AVR Compiler
avr-gcc -Wall -g3 -gdwarf-2 -O0 -fpack-struct -fshort-enums -ffunction-sections -fdata-sections -std=gnu99 -funsigned-char -funsigned-bitfields -mmcu=atmega32 -DF_CPU=1000000UL -MMD -MP -MF"main.d" -MT"main.o" -c -o "main.o" "../main.c"
In file included from ../main.c:10:
c:/winavr-20100110/lib/gcc/../../avr/include/util/delay.h:90:3: warning: #warning "Compiler optimizations disabled; functions from <util/delay.h> won't work as designed"
../main.c:33: warning: return type of 'main' is not 'int'
Finished building: ../main.c
 
Building target: LAB3.elf
Invoking: AVR C Linker
avr-gcc -Wl,-Map,LAB3.map -mmcu=atmega32 -o "LAB3.elf"  ./main.o   
Finished building target: LAB3.elf
 
Invoking: AVR Create Extended Listing
avr-objdump -h -S LAB3.elf  >"LAB3.lss"
Finished building: LAB3.lss
 
Invoking: Print Size
avr-size --format=avr --mcu=atmega32 LAB3.elf
AVR Memory Usage
----------------
Device: atmega32

Program:    4938 bytes (15.1% Full)
(.text + .data + .bootloader)

Data:          8 bytes (0.4% Full)
(.data + .bss + .noinit)


Finished building: sizedummy
 
16:06:08 **** Incremental Build of configuration Debug for project LAB3 ****
make all 
Invoking: Print Size
avr-size --format=avr --mcu=atmega32 LAB3.elf
AVR Memory Usage
----------------
Device: atmega32

Program:    4938 bytes (15.1% Full)
(.text + .data + .bootloader)

Data:          8 bytes (0.4% Full)
(.data + .bss + .noinit)


Finished building: sizedummy
 
16:10:31 **** Incremental Build of configuration Debug for project LAB3 ****
make all 
Invoking: Print Size
avr-size --format=avr --mcu=atmega32 LAB3.elf
AVR Memory Usage
----------------
Device: atmega32

Program:    4938 bytes (15.1% Full)
(.text + .data + .bootloader)

Data:          8 bytes (0.4% Full)
(.data + .bss + .noinit)


Finished building: sizedummy
 
16:15:33 **** Incremental Build of configuration Debug for project LAB3 ****
make all 
Building file: ../main.c
Invoking: AVR Compiler
avr-gcc -Wall -g3 -gdwarf-2 -O0 -fpack-struct -fshort-enums -ffunction-sections -fdata-sections -std=gnu99 -funsigned-char -funsigned-bitfields -mmcu=atmega32 -DF_CPU=1000000UL -MMD -MP -MF"main.d" -MT"main.o" -c -o "main.o" "../main.c"
In file included from ../main.c:10:
c:/winavr-20100110/lib/gcc/../../avr/include/util/delay.h:90:3: warning: #warning "Compiler optimizations disabled; functions from <util/delay.h> won't work as designed"
../main.c:36: warning: return type of 'main' is not 'int'
Finished building: ../main.c
 
Building target: LAB3.elf
Invoking: AVR C Linker
avr-gcc -Wl,-Map,LAB3.map -mmcu=atmega32 -o "LAB3.elf"  ./main.o   
Finished building target: LAB3.elf
 
Invoking: AVR Create Extended Listing
avr-objdump -h -S LAB3.elf  >"LAB3.lss"
Finished building: LAB3.lss
 
Invoking: Print Size
avr-size --format=avr --mcu=atmega32 LAB3.elf
AVR Memory Usage
----------------
Device: atmega32

Program:    4966 bytes (15.2% Full)
(.text + .data + .bootloader)

Data:          8 bytes (0.4% Full)
(.data + .bss + .noinit)


Finished building: sizedummy
 
16:15:35 **** Incremental Build of configuration Debug for project LAB3 ****
make all 
Invoking: Print Size
avr-size --format=avr --mcu=atmega32 LAB3.elf
AVR Memory Usage
----------------
Device: atmega32

Program:    4966 bytes (15.2% Full)
(.text + .data + .bootloader)

Data:          8 bytes (0.4% Full)
(.data + .bss + .noinit)


Finished building: sizedummy
 
16:15:43 **** Incremental Build of configuration Debug for project LAB3 ****
make all 
Invoking: Print Size
avr-size --format=avr --mcu=atmega32 LAB3.elf
AVR Memory Usage
----------------
Device: atmega32

Program:    4966 bytes (15.2% Full)
(.text + .data + .bootloader)

Data:          8 bytes (0.4% Full)
(.data + .bss + .noinit)


Finished building: sizedummy
 
16:15:52 **** Incremental Build of configuration Debug for project LAB3 ****
make all 
Invoking: Print Size
avr-size --format=avr --mcu=atmega32 LAB3.elf
AVR Memory Usage
----------------
Device: atmega32

Program:    4966 bytes (15.2% Full)
(.text + .data + .bootloader)

Data:          8 bytes (0.4% Full)
(.data + .bss + .noinit)


Finished building: sizedummy
 
16:34:46 **** Incremental Build of configuration Debug for project LAB3 ****
make all 
Invoking: Print Size
avr-size --format=avr --mcu=atmega32 LAB3.elf
AVR Memory Usage
----------------
Device: atmega32

Program:    4966 bytes (15.2% Full)
(.text + .data + .bootloader)

Data:          8 bytes (0.4% Full)
(.data + .bss + .noinit)


Finished building: sizedummy
 
16:35:19 **** Incremental Build of configuration Debug for project LAB3 ****
make all 
Building file: ../main.c
Invoking: AVR Compiler
avr-gcc -Wall -g3 -gdwarf-2 -O0 -fpack-struct -fshort-enums -ffunction-sections -fdata-sections -std=gnu99 -funsigned-char -funsigned-bitfields -mmcu=atmega32 -DF_CPU=1000000UL -MMD -MP -MF"main.d" -MT"main.o" -c -o "main.o" "../main.c"
In file included from ../main.c:10:
c:/winavr-20100110/lib/gcc/../../avr/include/util/delay.h:90:3: warning: #warning "Compiler optimizations disabled; functions from <util/delay.h> won't work as designed"
../main.c:36: warning: return type of 'main' is not 'int'
Finished building: ../main.c
 
Building target: LAB3.elf
Invoking: AVR C Linker
avr-gcc -Wl,-Map,LAB3.map -mmcu=atmega32 -o "LAB3.elf"  ./main.o   
Finished building target: LAB3.elf
 
Invoking: AVR Create Extended Listing
avr-objdump -h -S LAB3.elf  >"LAB3.lss"
Finished building: LAB3.lss
 
Invoking: Print Size
avr-size --format=avr --mcu=atmega32 LAB3.elf
AVR Memory Usage
----------------
Device: atmega32

Program:    4254 bytes (13.0% Full)
(.text + .data + .bootloader)

Data:          8 bytes (0.4% Full)
(.data + .bss + .noinit)


Finished building: sizedummy
 
16:35:29 **** Incremental Build of configuration Debug for project LAB3 ****
make all 
Building file: ../main.c
Invoking: AVR Compiler
avr-gcc -Wall -g3 -gdwarf-2 -O0 -fpack-struct -fshort-enums -ffunction-sections -fdata-sections -std=gnu99 -funsigned-char -funsigned-bitfields -mmcu=atmega32 -DF_CPU=1000000UL -MMD -MP -MF"main.d" -MT"main.o" -c -o "main.o" "../main.c"
In file included from ../main.c:10:
c:/winavr-20100110/lib/gcc/../../avr/include/util/delay.h:90:3: warning: #warning "Compiler optimizations disabled; functions from <util/delay.h> won't work as designed"
../main.c:36: warning: return type of 'main' is not 'int'
Finished building: ../main.c
 
Building target: LAB3.elf
Invoking: AVR C Linker
avr-gcc -Wl,-Map,LAB3.map -mmcu=atmega32 -o "LAB3.elf"  ./main.o   
Finished building target: LAB3.elf
 
Invoking: AVR Create Extended Listing
avr-objdump -h -S LAB3.elf  >"LAB3.lss"
Finished building: LAB3.lss
 
Invoking: Print Size
avr-size --format=avr --mcu=atmega32 LAB3.elf
AVR Memory Usage
----------------
Device: atmega32

Program:    4522 bytes (13.8% Full)
(.text + .data + .bootloader)

Data:          8 bytes (0.4% Full)
(.data + .bss + .noinit)


Finished building: sizedummy
 
16:38:11 **** Incremental Build of configuration Debug for project LAB3 ****
make all 
Building file: ../main.c
Invoking: AVR Compiler
avr-gcc -Wall -g3 -gdwarf-2 -O0 -fpack-struct -fshort-enums -ffunction-sections -fdata-sections -std=gnu99 -funsigned-char -funsigned-bitfields -mmcu=atmega32 -DF_CPU=1000000UL -MMD -MP -MF"main.d" -MT"main.o" -c -o "main.o" "../main.c"
In file included from ../main.c:10:
c:/winavr-20100110/lib/gcc/../../avr/include/util/delay.h:90:3: warning: #warning "Compiler optimizations disabled; functions from <util/delay.h> won't work as designed"
../main.c:33: warning: return type of 'main' is not 'int'
Finished building: ../main.c
 
Building target: LAB3.elf
Invoking: AVR C Linker
avr-gcc -Wl,-Map,LAB3.map -mmcu=atmega32 -o "LAB3.elf"  ./main.o   
Finished building target: LAB3.elf
 
Invoking: AVR Create Extended Listing
avr-objdump -h -S LAB3.elf  >"LAB3.lss"
Finished building: LAB3.lss
 
Invoking: Print Size
avr-size --format=avr --mcu=atmega32 LAB3.elf
AVR Memory Usage
----------------
Device: atmega32

Program:    4494 bytes (13.7% Full)
(.text + .data + .bootloader)

Data:          8 bytes (0.4% Full)
(.data + .bss + .noinit)


Finished building: sizedummy
 
16:39:02 **** Incremental Build of configuration Debug for project LAB3 ****
make all 
Building file: ../main.c
Invoking: AVR Compiler
avr-gcc -Wall -g3 -gdwarf-2 -O0 -fpack-struct -fshort-enums -ffunction-sections -fdata-sections -std=gnu99 -funsigned-char -funsigned-bitfields -mmcu=atmega32 -DF_CPU=1000000UL -MMD -MP -MF"main.d" -MT"main.o" -c -o "main.o" "../main.c"
In file included from ../main.c:10:
c:/winavr-20100110/lib/gcc/../../avr/include/util/delay.h:90:3: warning: #warning "Compiler optimizations disabled; functions from <util/delay.h> won't work as designed"
../main.c:35: warning: return type of 'main' is not 'int'
Finished building: ../main.c
 
Building target: LAB3.elf
Invoking: AVR C Linker
avr-gcc -Wl,-Map,LAB3.map -mmcu=atmega32 -o "LAB3.elf"  ./main.o   
Finished building target: LAB3.elf
 
Invoking: AVR Create Extended Listing
avr-objdump -h -S LAB3.elf  >"LAB3.lss"
Finished building: LAB3.lss
 
Invoking: Print Size
avr-size --format=avr --mcu=atmega32 LAB3.elf
AVR Memory Usage
----------------
Device: atmega32

Program:    4508 bytes (13.8% Full)
(.text + .data + .bootloader)

Data:          8 bytes (0.4% Full)
(.data + .bss + .noinit)


Finished building: sizedummy
 
16:39:27 **** Incremental Build of configuration Debug for project LAB3 ****
make all 
Building file: ../main.c
Invoking: AVR Compiler
avr-gcc -Wall -g3 -gdwarf-2 -O0 -fpack-struct -fshort-enums -ffunction-sections -fdata-sections -std=gnu99 -funsigned-char -funsigned-bitfields -mmcu=atmega32 -DF_CPU=1000000UL -MMD -MP -MF"main.d" -MT"main.o" -c -o "main.o" "../main.c"
In file included from ../main.c:10:
c:/winavr-20100110/lib/gcc/../../avr/include/util/delay.h:90:3: warning: #warning "Compiler optimizations disabled; functions from <util/delay.h> won't work as designed"
../main.c:33: warning: return type of 'main' is not 'int'
Finished building: ../main.c
 
Building target: LAB3.elf
Invoking: AVR C Linker
avr-gcc -Wl,-Map,LAB3.map -mmcu=atmega32 -o "LAB3.elf"  ./main.o   
Finished building target: LAB3.elf
 
Invoking: AVR Create Extended Listing
avr-objdump -h -S LAB3.elf  >"LAB3.lss"
Finished building: LAB3.lss
 
Invoking: Print Size
avr-size --format=avr --mcu=atmega32 LAB3.elf
AVR Memory Usage
----------------
Device: atmega32

Program:    4494 bytes (13.7% Full)
(.text + .data + .bootloader)

Data:          8 bytes (0.4% Full)
(.data + .bss + .noinit)


Finished building: sizedummy
 
