16:39:27 **** Incremental Build of configuration Debug for project LAB3 ****
make all 
Building file: ../main.c
Invoking: AVR Compiler
avr-gcc -Wall -g3 -gdwarf-2 -O0 -fpack-struct -fshort-enums -ffunction-sections -fdata-sections -std=gnu99 -funsigned-char -funsigned-bitfields -mmcu=atmega32 -DF_CPU=1000000UL -MMD -MP -MF"main.d" -MT"main.o" -c -o "main.o" "../main.c"
In file included from ../main.c:10:
c:/winavr-20100110/lib/gcc/../../avr/include/util/delay.h:90:3: warning: #warning "Compiler optimizations disabled; functions from <util/delay.h> won't work as designed"
../main.c:33: warning: return type of 'main' is not 'int'
Finished building: ../main.c
 
Building target: LAB3.elf
Invoking: AVR C Linker
avr-gcc -Wl,-Map,LAB3.map -mmcu=atmega32 -o "LAB3.elf"  ./main.o   
Finished building target: LAB3.elf
 
Invoking: AVR Create Extended Listing
avr-objdump -h -S LAB3.elf  >"LAB3.lss"
Finished building: LAB3.lss
 
Invoking: Print Size
avr-size --format=avr --mcu=atmega32 LAB3.elf
AVR Memory Usage
----------------
Device: atmega32

Program:    4494 bytes (13.7% Full)
(.text + .data + .bootloader)

Data:          8 bytes (0.4% Full)
(.data + .bss + .noinit)


Finished building: sizedummy
 

16:39:28 Build Finished. 0 errors, 2 warnings. (took 1s.202ms)

