2023-08-17 04:48:51,566 [INFO] Activator:178 - 


2023-08-17 04:48:51,566 [INFO] Activator:179 - !SESSION log4j initialized
2023-08-17 04:49:04,928 [INFO] ApplicationProperties:181 - Using Application install path: C:\ST\STM32CubeIDE_1.4.0\STM32CubeIDE\plugins\com.st.stm32cube.common.mx_6.0.0.202007160824
2023-08-17 04:49:04,944 [INFO] DbMcusXml:70 - Set database path to: C:\ST\STM32CubeIDE_1.4.0\STM32CubeIDE\plugins\com.st.stm32cube.common.mx_6.0.0.202007160824\\db\/mcu/
2023-08-17 04:49:04,944 [INFO] DbBoardsPdsc:56 - Set plugin database path to: C:\ST\STM32CubeIDE_1.4.0\STM32CubeIDE\plugins\com.st.stm32cube.common.mx_6.0.0.202007160824\\db\/plugins/boardmanager/
2023-08-17 04:49:04,944 [INFO] DbMcus:258 - Set plugin images path to: C:\ST\STM32CubeIDE_1.4.0\STM32CubeIDE\plugins\com.st.stm32cube.common.mx_6.0.0.202007160824\\db\/plugins/mcufinder/images/
2023-08-17 04:49:04,944 [INFO] DbBoards:264 - Set plugin images path to: C:\ST\STM32CubeIDE_1.4.0\STM32CubeIDE\plugins\com.st.stm32cube.common.mx_6.0.0.202007160824\\db\/plugins/mcufinder/images/
2023-08-17 04:49:04,944 [INFO] DbExamples:326 - Set plugin images path to: C:\ST\STM32CubeIDE_1.4.0\STM32CubeIDE\plugins\com.st.stm32cube.common.mx_6.0.0.202007160824\\db\/plugins/mcufinder/images/
2023-08-17 04:49:04,944 [INFO] DbMcusDocs:112 - Set database path to: C:\Users\Ahmed\.stmcufinder\plugins\mcufinder//mcu/
2023-08-17 04:49:04,959 [INFO] DbMcusJson:63 - Set database path to: C:\Users\Ahmed\.stmcufinder\plugins\mcufinder//mcu/
2023-08-17 04:49:04,959 [INFO] DbBoardsDocs:112 - Set database path to: C:\Users\Ahmed\.stmcufinder\plugins\mcufinder//mcu/
2023-08-17 04:49:04,959 [INFO] DbBoardsJson:56 - Set database path to: C:\Users\Ahmed\.stmcufinder\plugins\mcufinder//mcu/
2023-08-17 04:49:04,959 [INFO] CrossReferenceDbSqlite:196 - Set database path to: C:\Users\Ahmed\.stmcufinder\plugins\mcufinder//mcu/cs/
2023-08-17 04:49:04,959 [INFO] DbExamplesSqlite:800 - Set database path to: C:\Users\Ahmed\.stmcufinder\plugins\mcufinder//mcu/
2023-08-17 04:49:05,042 [INFO] RulesReader:52 - Compatibility file has been processed (209 Rules)
2023-08-17 04:49:05,101 [INFO] MicroXplorer:564 - Detected Java Version = 1.8.0_252
2023-08-17 04:49:05,101 [INFO] DbMcusXml:70 - Set database path to: C:\ST\STM32CubeIDE_1.4.0\STM32CubeIDE\plugins\com.st.stm32cube.common.mx_6.0.0.202007160824\\db\/mcu/
2023-08-17 04:49:05,101 [INFO] DbBoardsPdsc:56 - Set plugin database path to: C:\ST\STM32CubeIDE_1.4.0\STM32CubeIDE\plugins\com.st.stm32cube.common.mx_6.0.0.202007160824\\db\/plugins/boardmanager/
2023-08-17 04:49:05,101 [INFO] DbMcus:258 - Set plugin images path to: C:\ST\STM32CubeIDE_1.4.0\STM32CubeIDE\plugins\com.st.stm32cube.common.mx_6.0.0.202007160824\\db\/plugins/mcufinder/images/
2023-08-17 04:49:05,101 [INFO] DbBoards:264 - Set plugin images path to: C:\ST\STM32CubeIDE_1.4.0\STM32CubeIDE\plugins\com.st.stm32cube.common.mx_6.0.0.202007160824\\db\/plugins/mcufinder/images/
2023-08-17 04:49:05,101 [INFO] DbExamples:326 - Set plugin images path to: C:\ST\STM32CubeIDE_1.4.0\STM32CubeIDE\plugins\com.st.stm32cube.common.mx_6.0.0.202007160824\\db\/plugins/mcufinder/images/
2023-08-17 04:49:05,101 [WARN] DbFile:36 - Overriding database path with different value: C:\Users\Ahmed\.stmcufinder\plugins\mcufinder/ => C:\Users\Ahmed\.stmcufinder\plugins\mcufinder
2023-08-17 04:49:05,101 [INFO] DbMcusDocs:112 - Set database path to: C:\Users\Ahmed\.stmcufinder\plugins\mcufinder//mcu/
2023-08-17 04:49:05,101 [WARN] DbFile:36 - Overriding database path with different value: C:\Users\Ahmed\.stmcufinder\plugins\mcufinder/ => C:\Users\Ahmed\.stmcufinder\plugins\mcufinder
2023-08-17 04:49:05,101 [INFO] DbMcusJson:63 - Set database path to: C:\Users\Ahmed\.stmcufinder\plugins\mcufinder//mcu/
2023-08-17 04:49:05,101 [WARN] DbFile:36 - Overriding database path with different value: C:\Users\Ahmed\.stmcufinder\plugins\mcufinder/ => C:\Users\Ahmed\.stmcufinder\plugins\mcufinder
2023-08-17 04:49:05,101 [INFO] DbBoardsDocs:112 - Set database path to: C:\Users\Ahmed\.stmcufinder\plugins\mcufinder//mcu/
2023-08-17 04:49:05,101 [WARN] DbFile:36 - Overriding database path with different value: C:\Users\Ahmed\.stmcufinder\plugins\mcufinder/ => C:\Users\Ahmed\.stmcufinder\plugins\mcufinder
2023-08-17 04:49:05,101 [INFO] DbBoardsJson:56 - Set database path to: C:\Users\Ahmed\.stmcufinder\plugins\mcufinder//mcu/
2023-08-17 04:49:05,101 [WARN] DbFile:36 - Overriding database path with different value: C:\Users\Ahmed\.stmcufinder\plugins\mcufinder/ => C:\Users\Ahmed\.stmcufinder\plugins\mcufinder
2023-08-17 04:49:05,101 [WARN] DbFile:36 - Overriding database path with different value: C:\Users\Ahmed\.stmcufinder\plugins\mcufinder/ => C:\Users\Ahmed\.stmcufinder\plugins\mcufinder
2023-08-17 04:49:05,101 [INFO] CrossReferenceDbSqlite:196 - Set database path to: C:\Users\Ahmed\.stmcufinder\plugins\mcufinder//mcu/cs/
2023-08-17 04:49:05,101 [WARN] DbFile:36 - Overriding database path with different value: C:\Users\Ahmed\.stmcufinder\plugins\mcufinder/ => C:\Users\Ahmed\.stmcufinder\plugins\mcufinder
2023-08-17 04:49:05,101 [INFO] DbExamplesSqlite:800 - Set database path to: C:\Users\Ahmed\.stmcufinder\plugins\mcufinder//mcu/
2023-08-17 04:49:05,149 [INFO] MainPanel:189 - HeapMemory: 273678336
2023-08-17 04:49:05,196 [INFO] DbMcusXml:70 - Set database path to: C:\ST\STM32CubeIDE_1.4.0\STM32CubeIDE\plugins\com.st.stm32cube.common.mx_6.0.0.202007160824\\db\/mcu/
2023-08-17 04:49:05,196 [INFO] DbBoardsPdsc:56 - Set plugin database path to: C:\ST\STM32CubeIDE_1.4.0\STM32CubeIDE\plugins\com.st.stm32cube.common.mx_6.0.0.202007160824\\db\/plugins/boardmanager/
2023-08-17 04:49:05,196 [INFO] DbMcus:258 - Set plugin images path to: C:\ST\STM32CubeIDE_1.4.0\STM32CubeIDE\plugins\com.st.stm32cube.common.mx_6.0.0.202007160824\\db\/plugins/mcufinder/images/
2023-08-17 04:49:05,196 [INFO] DbBoards:264 - Set plugin images path to: C:\ST\STM32CubeIDE_1.4.0\STM32CubeIDE\plugins\com.st.stm32cube.common.mx_6.0.0.202007160824\\db\/plugins/mcufinder/images/
2023-08-17 04:49:05,196 [INFO] DbExamples:326 - Set plugin images path to: C:\ST\STM32CubeIDE_1.4.0\STM32CubeIDE\plugins\com.st.stm32cube.common.mx_6.0.0.202007160824\\db\/plugins/mcufinder/images/
2023-08-17 04:49:05,196 [WARN] DbFile:36 - Overriding database path with different value: C:\Users\Ahmed\.stmcufinder\plugins\mcufinder/ => C:\Users\Ahmed\.stmcufinder\plugins\mcufinder
2023-08-17 04:49:05,196 [INFO] DbMcusDocs:112 - Set database path to: C:\Users\Ahmed\.stmcufinder\plugins\mcufinder//mcu/
2023-08-17 04:49:05,196 [WARN] DbFile:36 - Overriding database path with different value: C:\Users\Ahmed\.stmcufinder\plugins\mcufinder/ => C:\Users\Ahmed\.stmcufinder\plugins\mcufinder
2023-08-17 04:49:05,196 [INFO] DbMcusJson:63 - Set database path to: C:\Users\Ahmed\.stmcufinder\plugins\mcufinder//mcu/
2023-08-17 04:49:05,196 [WARN] DbFile:36 - Overriding database path with different value: C:\Users\Ahmed\.stmcufinder\plugins\mcufinder/ => C:\Users\Ahmed\.stmcufinder\plugins\mcufinder
2023-08-17 04:49:05,196 [INFO] DbBoardsDocs:112 - Set database path to: C:\Users\Ahmed\.stmcufinder\plugins\mcufinder//mcu/
2023-08-17 04:49:05,196 [WARN] DbFile:36 - Overriding database path with different value: C:\Users\Ahmed\.stmcufinder\plugins\mcufinder/ => C:\Users\Ahmed\.stmcufinder\plugins\mcufinder
2023-08-17 04:49:05,196 [INFO] DbBoardsJson:56 - Set database path to: C:\Users\Ahmed\.stmcufinder\plugins\mcufinder//mcu/
2023-08-17 04:49:05,196 [WARN] DbFile:36 - Overriding database path with different value: C:\Users\Ahmed\.stmcufinder\plugins\mcufinder/ => C:\Users\Ahmed\.stmcufinder\plugins\mcufinder
2023-08-17 04:49:05,196 [WARN] DbFile:36 - Overriding database path with different value: C:\Users\Ahmed\.stmcufinder\plugins\mcufinder/ => C:\Users\Ahmed\.stmcufinder\plugins\mcufinder
2023-08-17 04:49:05,196 [INFO] CrossReferenceDbSqlite:196 - Set database path to: C:\Users\Ahmed\.stmcufinder\plugins\mcufinder//mcu/cs/
2023-08-17 04:49:05,196 [WARN] DbFile:36 - Overriding database path with different value: C:\Users\Ahmed\.stmcufinder\plugins\mcufinder/ => C:\Users\Ahmed\.stmcufinder\plugins\mcufinder
2023-08-17 04:49:05,196 [INFO] DbExamplesSqlite:800 - Set database path to: C:\Users\Ahmed\.stmcufinder\plugins\mcufinder//mcu/
2023-08-17 04:49:05,211 [INFO] ApplicationProperties:181 - Using Application install path: C:\ST\STM32CubeIDE_1.4.0\STM32CubeIDE\plugins\com.st.stm32cube.common.mx_6.0.0.202007160824
2023-08-17 04:49:05,211 [INFO] PluginManage:178 - Search for loadable plugins [exclusion list=, ]
2023-08-17 04:49:05,211 [INFO] PluginManage:292 - Check plugin analytics
2023-08-17 04:49:05,526 [INFO] AnalyticsPlugin:203 - Accepted Software Licenses: 
2023-08-17 04:49:05,526 [INFO] AnalyticsPlugin:205 - Accepted CMSIS Pack Licenses: 
2023-08-17 04:49:05,526 [INFO] AnalyticsPlugin:207 - Accepted Firmware Licenses: 
2023-08-17 04:49:05,526 [INFO] PluginManage:342 - Loaded plugin analytics (category:tool,tabindex:-1)
2023-08-17 04:49:05,526 [INFO] PluginManage:292 - Check plugin clock
2023-08-17 04:49:05,558 [INFO] PluginManage:342 - Loaded plugin clock (category:base,tabindex:2)
2023-08-17 04:49:05,558 [INFO] PluginManage:292 - Check plugin ddr
2023-08-17 04:49:05,558 [INFO] PluginManage:342 - Loaded plugin ddr (category:tool,tabindex:6)
2023-08-17 04:49:05,558 [INFO] PluginManage:292 - Check plugin filemanager
2023-08-17 04:49:05,644 [INFO] PluginManage:342 - Loaded plugin filemanager (category:base,tabindex:10)
2023-08-17 04:49:05,644 [INFO] PluginManage:292 - Check plugin ipmanager
2023-08-17 04:49:05,653 [INFO] PluginManage:342 - Loaded plugin ipmanager (category:base,tabindex:5)
2023-08-17 04:49:05,653 [INFO] PluginManage:292 - Check plugin pinoutandconfiguration
2023-08-17 04:49:05,669 [INFO] PluginManage:342 - Loaded plugin pinoutandconfiguration (category:base,tabindex:1)
2023-08-17 04:49:05,669 [INFO] PluginManage:292 - Check plugin pinoutconfig
2023-08-17 04:49:05,700 [INFO] PluginManage:342 - Loaded plugin pinoutconfig (category:base,tabindex:0)
2023-08-17 04:49:05,700 [INFO] PluginManage:292 - Check plugin power
2023-08-17 04:49:05,716 [INFO] PluginManage:342 - Loaded plugin power (category:power,tabindex:4)
2023-08-17 04:49:05,716 [INFO] PluginManage:292 - Check plugin projectmanager
2023-08-17 04:49:05,732 [INFO] PluginManage:342 - Loaded plugin projectmanager (category:projectmanager,tabindex:3)
2023-08-17 04:49:05,732 [INFO] PluginManage:292 - Check plugin thirdparty
2023-08-17 04:49:05,844 [INFO] ThirdPartyDb:333 - Open Third Party DataBase File (C:/Users/Ahmed/.stm32cubemx/plugins/thirdparty/db/thirdparties_db.xml) : 49 ms. number of Sw pack : 48
2023-08-17 04:49:05,844 [INFO] PluginManage:342 - Loaded plugin thirdparty (category:base,tabindex:-1)
2023-08-17 04:49:05,844 [INFO] PluginManage:292 - Check plugin tools
2023-08-17 04:49:05,889 [INFO] PluginManage:342 - Loaded plugin tools (category:base,tabindex:7)
2023-08-17 04:49:05,889 [INFO] PluginManage:292 - Check plugin tutovideos
2023-08-17 04:49:06,064 [INFO] PluginManage:342 - Loaded plugin tutovideos (category:base,tabindex:-1)
2023-08-17 04:49:06,064 [INFO] PluginManage:292 - Check plugin updater
2023-08-17 04:49:06,080 [INFO] PluginManage:342 - Loaded plugin updater (category:base,tabindex:12)
2023-08-17 04:49:06,080 [INFO] PluginManage:265 - PluginManage : Loaded plugins [13]
2023-08-17 04:49:06,221 [INFO] PinOutPanel:1418 - setPackage(No Configuration,No Configuration)
2023-08-17 04:49:06,317 [INFO] IPUIPlugin:64 - create IPUIPlugin
2023-08-17 04:49:06,317 [INFO] PluginManager:200 - loadIPPluginJar : add adc
2023-08-17 04:49:06,365 [INFO] IPUIPlugin:64 - create IPUIPlugin
2023-08-17 04:49:06,365 [INFO] PluginManager:200 - loadIPPluginJar : add aes
2023-08-17 04:49:06,396 [INFO] IPUIPlugin:64 - create IPUIPlugin
2023-08-17 04:49:06,396 [INFO] PluginManager:200 - loadIPPluginJar : add can
2023-08-17 04:49:06,427 [INFO] IPUIPlugin:64 - create IPUIPlugin
2023-08-17 04:49:06,427 [INFO] PluginManager:200 - loadIPPluginJar : add comp
2023-08-17 04:49:06,460 [INFO] IPUIPlugin:64 - create IPUIPlugin
2023-08-17 04:49:06,460 [INFO] PluginManager:200 - loadIPPluginJar : add cryp
2023-08-17 04:49:06,507 [INFO] IPUIPlugin:64 - create IPUIPlugin
2023-08-17 04:49:06,507 [INFO] PluginManager:200 - loadIPPluginJar : add dfsdm
2023-08-17 04:49:06,523 [INFO] IPUIPlugin:64 - create IPUIPlugin
2023-08-17 04:49:06,523 [INFO] PluginManager:200 - loadIPPluginJar : add dma
2023-08-17 04:49:06,546 [INFO] IPUIPlugin:64 - create IPUIPlugin
2023-08-17 04:49:06,546 [INFO] PluginManager:200 - loadIPPluginJar : add fatfs
2023-08-17 04:49:06,602 [INFO] IPUIPlugin:64 - create IPUIPlugin
2023-08-17 04:49:06,602 [INFO] PluginManager:200 - loadIPPluginJar : add fmc
2023-08-17 04:49:06,618 [INFO] IPUIPlugin:64 - create IPUIPlugin
2023-08-17 04:49:06,618 [INFO] PluginManager:200 - loadIPPluginJar : add freertos
2023-08-17 04:49:06,647 [INFO] IPUIPlugin:64 - create IPUIPlugin
2023-08-17 04:49:06,647 [INFO] PluginManager:200 - loadIPPluginJar : add genericplugin
2023-08-17 04:49:06,728 [INFO] IPUIPlugin:64 - create IPUIPlugin
2023-08-17 04:49:06,728 [INFO] PluginManager:200 - loadIPPluginJar : add gfxmmu
2023-08-17 04:49:06,855 [INFO] IPUIPlugin:64 - create IPUIPlugin
2023-08-17 04:49:06,855 [INFO] PluginManager:200 - loadIPPluginJar : add gic
2023-08-17 04:49:06,871 [INFO] IPUIPlugin:64 - create IPUIPlugin
2023-08-17 04:49:06,871 [INFO] PluginManager:200 - loadIPPluginJar : add gpio
2023-08-17 04:49:06,947 [INFO] IPUIPlugin:64 - create IPUIPlugin
2023-08-17 04:49:06,947 [INFO] PluginManager:200 - loadIPPluginJar : add gtzc
2023-08-17 04:49:06,981 [INFO] IPUIPlugin:64 - create IPUIPlugin
2023-08-17 04:49:06,981 [INFO] PluginManager:200 - loadIPPluginJar : add hash
2023-08-17 04:49:07,029 [INFO] IPUIPlugin:64 - create IPUIPlugin
2023-08-17 04:49:07,029 [INFO] PluginManager:200 - loadIPPluginJar : add i2c
2023-08-17 04:49:07,077 [INFO] IPUIPlugin:64 - create IPUIPlugin
2023-08-17 04:49:07,077 [INFO] PluginManager:200 - loadIPPluginJar : add i2s
2023-08-17 04:49:07,093 [INFO] IPUIPlugin:64 - create IPUIPlugin
2023-08-17 04:49:07,093 [INFO] PluginManager:200 - loadIPPluginJar : add ipddr
2023-08-17 04:49:07,124 [INFO] IPUIPlugin:64 - create IPUIPlugin
2023-08-17 04:49:07,124 [INFO] PluginManager:200 - loadIPPluginJar : add ltdc
2023-08-17 04:49:07,140 [INFO] IPUIPlugin:64 - create IPUIPlugin
2023-08-17 04:49:07,140 [INFO] PluginManager:200 - loadIPPluginJar : add mdma
2023-08-17 04:49:07,156 [INFO] IPUIPlugin:64 - create IPUIPlugin
2023-08-17 04:49:07,156 [INFO] PluginManager:200 - loadIPPluginJar : add nvic
2023-08-17 04:49:07,187 [INFO] IPUIPlugin:64 - create IPUIPlugin
2023-08-17 04:49:07,187 [INFO] PluginManager:200 - loadIPPluginJar : add opamp
2023-08-17 04:49:07,266 [INFO] IPUIPlugin:64 - create IPUIPlugin
2023-08-17 04:49:07,266 [INFO] PluginManager:200 - loadIPPluginJar : add openamp
2023-08-17 04:49:07,313 [INFO] IPUIPlugin:64 - create IPUIPlugin
2023-08-17 04:49:07,313 [INFO] PluginManager:200 - loadIPPluginJar : add pdm2pcm
2023-08-17 04:49:07,329 [INFO] IPUIPlugin:64 - create IPUIPlugin
2023-08-17 04:49:07,329 [INFO] PluginManager:200 - loadIPPluginJar : add plateformsettings
2023-08-17 04:49:07,361 [INFO] IPUIPlugin:64 - create IPUIPlugin
2023-08-17 04:49:07,361 [INFO] PluginManager:200 - loadIPPluginJar : add quadspi
2023-08-17 04:49:07,361 [INFO] IPUIPlugin:64 - create IPUIPlugin
2023-08-17 04:49:07,361 [INFO] PluginManager:200 - loadIPPluginJar : add resmgrutility
2023-08-17 04:49:07,424 [INFO] IPUIPlugin:64 - create IPUIPlugin
2023-08-17 04:49:07,424 [INFO] PluginManager:200 - loadIPPluginJar : add sai
2023-08-17 04:49:07,455 [INFO] IPUIPlugin:64 - create IPUIPlugin
2023-08-17 04:49:07,455 [INFO] PluginManager:200 - loadIPPluginJar : add spi
2023-08-17 04:49:07,518 [INFO] IPUIPlugin:64 - create IPUIPlugin
2023-08-17 04:49:07,518 [INFO] PluginManager:200 - loadIPPluginJar : add stm32_wpan
2023-08-17 04:49:07,550 [INFO] IPUIPlugin:64 - create IPUIPlugin
2023-08-17 04:49:07,550 [INFO] PluginManager:200 - loadIPPluginJar : add tim
2023-08-17 04:49:07,613 [INFO] IPUIPlugin:64 - create IPUIPlugin
2023-08-17 04:49:07,613 [INFO] PluginManager:200 - loadIPPluginJar : add touchsensing
2023-08-17 04:49:07,648 [INFO] IPUIPlugin:64 - create IPUIPlugin
2023-08-17 04:49:07,648 [INFO] PluginManager:200 - loadIPPluginJar : add tracer_emb
2023-08-17 04:49:07,676 [INFO] IPUIPlugin:64 - create IPUIPlugin
2023-08-17 04:49:07,676 [INFO] PluginManager:200 - loadIPPluginJar : add ts
2023-08-17 04:49:07,707 [INFO] IPUIPlugin:64 - create IPUIPlugin
2023-08-17 04:49:07,707 [INFO] PluginManager:200 - loadIPPluginJar : add tsc
2023-08-17 04:49:07,748 [INFO] IPUIPlugin:64 - create IPUIPlugin
2023-08-17 04:49:07,748 [INFO] PluginManager:200 - loadIPPluginJar : add ucpd
2023-08-17 04:49:07,787 [INFO] IPUIPlugin:64 - create IPUIPlugin
2023-08-17 04:49:07,787 [INFO] PluginManager:200 - loadIPPluginJar : add usart
2023-08-17 04:49:08,199 [INFO] CubeProgrammer:457 - [DDR PANEL] - PathOfProgrammer: null
2023-08-17 04:49:08,784 [FATAL] Updater:282 - Updater called before beeing initialized
2023-08-17 04:49:08,895 [FATAL] Updater:282 - Updater called before beeing initialized
2023-08-17 04:49:08,895 [WARN] ThirdParty:775 - waiting for thirdparty lock release [close project]
2023-08-17 04:49:08,895 [INFO] ThirdParty:777 - entering critical section [close project]
2023-08-17 04:49:08,895 [INFO] ThirdParty:790 - exiting critical section [close project]
2023-08-17 04:49:08,895 [INFO] PinOutPanel:1418 - setPackage(No Configuration,No Configuration)
2023-08-17 04:49:08,895 [FATAL] Updater:282 - Updater called before beeing initialized
2023-08-17 04:49:08,911 [ERROR] Updater:967 - MainUpdater not yet initialized. External WinMGr cannot be set.
2023-08-17 04:49:08,911 [INFO] CubeProgrammer:457 - [DDR PANEL] - PathOfProgrammer: C:\ST\STM32CubeIDE_1.4.0\STM32CubeIDE\plugins\com.st.stm32cube.ide.mcu.externaltools.cubeprogrammer.win32_1.4.0.202007081208\tools\bin
2023-08-17 04:49:08,911 [INFO] ProgrammerExecThread:148 - [ProgrammerAPI] CubeProgrammer command construction: C:\ST\STM32CubeIDE_1.4.0\STM32CubeIDE\plugins\com.st.stm32cube.ide.mcu.externaltools.cubeprogrammer.win32_1.4.0.202007081208\tools\bin\STM32_Programmer_CLI.exe -l
2023-08-17 04:49:09,131 [INFO] MainDdrPanel:49 - [DDR PANEL] SETTER - Set cubeProgrammerPath to: C:\ST\STM32CubeIDE_1.4.0\STM32CubeIDE\plugins\com.st.stm32cube.ide.mcu.externaltools.cubeprogrammer.win32_1.4.0.202007081208\tools\bin
2023-08-17 04:49:09,250 [INFO] Updater:904 - Updater Version found : 6.0.0
2023-08-17 04:49:09,258 [INFO] ApplicationProperties:181 - Using Application install path: C:\ST\STM32CubeIDE_1.4.0\STM32CubeIDE\plugins\com.st.stm32cube.common.mx_6.0.0.202007160824
2023-08-17 04:49:09,669 [INFO] MainUpdater:2268 - connection check result : 10
2023-08-17 04:49:09,669 [INFO] MainUpdater:239 - Updater Check For Update Now.
2023-08-17 04:49:09,669 [INFO] MicroXplorer:414 - Change Database Version : DB.6.0.0
2023-08-17 04:49:09,731 [INFO] CheckServerUpdateThread:102 - End of CheckServer Thread
2023-08-17 04:49:09,811 [INFO] MainUpdater:2268 - connection check result : 10
2023-08-17 04:49:10,110 [INFO] McuFinderGlobals:40 - Set McuFinder mode to 2 (CubeIDE integrated)
2023-08-17 04:49:10,268 [INFO] CrossSelectorPresenter:1330 - Cross Selector saved comparison directory: C:\Users\Ahmed\.stmcufinder\plugins\mcufinder\mcu\cs_comparisons_mx
2023-08-17 04:49:10,268 [INFO] MultiScanPanel:193 - Auto-refresh data requested => check proxy status ongoing
2023-08-17 04:49:10,268 [INFO] FinderPluginLoader:87 - Searching for filters in installed packs
2023-08-17 04:49:10,268 [INFO] DbMcusXml:100 - Load MCU database from C:\ST\STM32CubeIDE_1.4.0\STM32CubeIDE\plugins\com.st.stm32cube.common.mx_6.0.0.202007160824\\db\/mcu/families.xml
2023-08-17 04:49:10,774 [INFO] DbMcusJson:92 - JSON generation date=Tue Nov 16 18:17:54 EET 2021 (1637079474)
2023-08-17 04:49:11,660 [INFO] DbMcus:175 - Found 1761 MCUs (1722 are supported by CubeMX, 1911 are visible in CubeMX)
2023-08-17 04:49:11,660 [INFO] ApiDb:201 - Load user favorites file C:\Users\Ahmed/.stm32cubeide/favorites.mcus.txt: 0 item(s)
2023-08-17 04:49:11,660 [INFO] ApiDb:205 - User favorites MCUs=[]
2023-08-17 04:49:11,660 [INFO] DbMcus:187 - Set 0 / 0 favorites MCUs
2023-08-17 04:49:11,850 [WARN] IntegrityCheckThread:61 - waiting for thirdparty lock release [integrity check]
2023-08-17 04:49:11,850 [INFO] IntegrityCheckThread:63 - entering critical section [integrity check]
2023-08-17 04:49:11,929 [INFO] LoadUrlFilesThread:162 - End of LoadServerUrlFiles without Thread
2023-08-17 04:49:11,944 [INFO] DetailPanel:331 - Set advertising image to C:/Users/Ahmed/STM32Cube/Repository/\stm32cubemx-promo_image.jpg
2023-08-17 04:49:12,214 [INFO] ThirdPartyDb:299 - Save Third Party DataBase File (C:/Users/Ahmed/.stm32cubemx/plugins/thirdparty/db/thirdparties_db.xml) [forced]
2023-08-17 04:49:12,230 [INFO] McuFilterPanel:245 - Update 0 favorites MCUs
2023-08-17 04:49:12,278 [INFO] ThirdPartyDb:299 - Save Third Party DataBase File (C:/Users/Ahmed/.stm32cubemx/plugins/thirdparty/db/thirdparties_db.xml) [forced]
2023-08-17 04:49:12,309 [INFO] DbBoardsPdsc:94 - Found 23 items
2023-08-17 04:49:12,325 [INFO] DbBoardsPdsc:94 - Found 9 items
2023-08-17 04:49:12,325 [INFO] IntegrityCheckThread:76 - exiting critical section [integrity check]
2023-08-17 04:49:12,325 [INFO] IntegrityCheckThread:79 - End integrity checks thread
2023-08-17 04:49:12,341 [INFO] DbBoardsPdsc:94 - Found 29 items
2023-08-17 04:49:12,357 [INFO] DbBoardsPdsc:94 - Found 1 items
2023-08-17 04:49:12,373 [INFO] DbBoardsPdsc:94 - Found 44 items
2023-08-17 04:49:12,388 [INFO] DbBoardsPdsc:94 - Found 40 items
2023-08-17 04:49:12,388 [INFO] DbBoardsPdsc:94 - Found 2 items
2023-08-17 04:49:12,404 [INFO] DbBoardsPdsc:94 - Found 4 items
2023-08-17 04:49:12,420 [WARN] DbBoardsPdsc:258 - Board STM32H7B3I-DK: unknown feature type=Audio, name=, username=Audio stereo codec with Headphone Amp (CS42L51-CNZ), n=1
2023-08-17 04:49:12,420 [WARN] DbBoardsPdsc:258 - Board STM32H735G-DK: unknown feature type=Audio, name=, username=Audio stereo codec with Headphone Amp (WM8994ECS/R), n=1
2023-08-17 04:49:12,420 [WARN] DbBoardsPdsc:258 - Board STM32H7B3I-EVAL: unknown feature type=Audio, name=, username=Multi-Channel Audio Codec (CS42L51-CNZ), n=1
2023-08-17 04:49:12,420 [WARN] DbBoardsPdsc:258 - Board STM32H7B3I-EVAL: unknown feature type=Meter, name=, username=Power-metering and Temperature-monitoring with sigma-delta modulators, n=1
2023-08-17 04:49:12,420 [WARN] DbBoardsPdsc:258 - Board STM32H7B3I-EVAL: unknown feature type=Motor, name=, username=Motor Control, n=1
2023-08-17 04:49:12,453 [INFO] DbBoardsJson:85 - JSON generation date=Tue Nov 16 18:17:54 EET 2021 (1637079474)
2023-08-17 04:49:12,467 [INFO] DbBoards:117 - Found 166 boards (149 are supported by CubeMX)
2023-08-17 04:49:12,467 [INFO] DbBoardsDocs:145 - JSON generation date=Tue Nov 16 18:17:54 EET 2021 (1637079474)
2023-08-17 04:49:12,467 [INFO] DbBoardsDocs:81 - Found 209 boards documents
2023-08-17 04:49:12,467 [WARN] DbBoards:127 - board B-L475E-IOT01A2 has no document id list !
2023-08-17 04:49:12,483 [WARN] DbBoards:127 - board NUCLEO-H743ZI has no document id list !
2023-08-17 04:49:12,483 [WARN] DbBoards:127 - board P-NUCLEO-WB55-Nucleo has no document id list !
2023-08-17 04:49:12,483 [WARN] DbBoards:127 - board P-NUCLEO-WB55-USBDongle has no document id list !
2023-08-17 04:49:12,483 [WARN] DbBoards:127 - board STEVAL-BFA001V1B has no document id list !
2023-08-17 04:49:12,483 [WARN] DbBoards:127 - board STEVAL-BFA001V2B has no document id list !
2023-08-17 04:49:12,483 [WARN] DbBoards:127 - board STEVAL-IDP005V1 has no document id list !
2023-08-17 04:49:12,483 [WARN] DbBoards:127 - board STEVAL-IDP005V2 has no document id list !
2023-08-17 04:49:12,483 [WARN] DbBoards:127 - board STEVAL-MKSBOX1V1 has no document id list !
2023-08-17 04:49:12,483 [WARN] DbBoards:127 - board STEVAL-STWINKT1 has no document id list !
2023-08-17 04:49:12,483 [WARN] DbBoards:127 - board STEVAL-STWINKT1B has no document id list !
2023-08-17 04:49:12,483 [WARN] DbBoards:127 - board STM32439I-EVAL2 has no document id list !
2023-08-17 04:49:12,483 [WARN] DbBoards:127 - board STM32F401C-DISCO has no document id list !
2023-08-17 04:49:12,483 [WARN] DbBoards:127 - board STM32F769I-DISC1 has no document id list !
2023-08-17 04:49:12,483 [WARN] DbBoards:127 - board STM32G474E-EVAL1 has no document id list !
2023-08-17 04:49:12,483 [WARN] DbBoards:127 - board STM32H743I-EVAL2 has no document id list !
2023-08-17 04:49:12,483 [WARN] DbBoards:127 - board STM32H747I-DISC1 has no document id list !
2023-08-17 04:49:12,483 [WARN] DbBoards:127 - board STM32H753I-EVAL2 has no document id list !
2023-08-17 04:49:12,483 [WARN] DbBoards:127 - board STM32L-DISCOVERY has no document id list !
2023-08-17 04:49:12,577 [ERROR] DbBoards:189 - Image file not found for board B-L462E-CELL1: C:\ST\STM32CubeIDE_1.4.0\STM32CubeIDE\plugins\com.st.stm32cube.common.mx_6.0.0.202007160824\\db\/plugins/mcufinder/images/boards/B-L462E-CELL1_small.jpg
2023-08-17 04:49:12,624 [ERROR] DbBoards:189 - Image file not found for board B-U585I-IOT02A: C:\ST\STM32CubeIDE_1.4.0\STM32CubeIDE\plugins\com.st.stm32cube.common.mx_6.0.0.202007160824\\db\/plugins/mcufinder/images/boards/B-U585I-IOT02A_small.jpg
2023-08-17 04:49:12,688 [ERROR] DbBoards:189 - Image file not found for board NUCLEO-F413ZH: C:\ST\STM32CubeIDE_1.4.0\STM32CubeIDE\plugins\com.st.stm32cube.common.mx_6.0.0.202007160824\\db\/plugins/mcufinder/images/boards/nucleo-f413zh_small.jpg
2023-08-17 04:49:12,798 [ERROR] DbBoards:189 - Image file not found for board NUCLEO-L552ZE-Q: C:\ST\STM32CubeIDE_1.4.0\STM32CubeIDE\plugins\com.st.stm32cube.common.mx_6.0.0.202007160824\\db\/plugins/mcufinder/images/boards/nucleo_l552ze_q_small.jpg
2023-08-17 04:49:12,798 [ERROR] DbBoards:189 - Image file not found for board NUCLEO-U575ZI-Q: C:\ST\STM32CubeIDE_1.4.0\STM32CubeIDE\plugins\com.st.stm32cube.common.mx_6.0.0.202007160824\\db\/plugins/mcufinder/images/boards/nucleo-u575zi-q_small.jpg
2023-08-17 04:49:12,798 [ERROR] DbBoards:189 - Image file not found for board NUCLEO-WB15CC: C:\ST\STM32CubeIDE_1.4.0\STM32CubeIDE\plugins\com.st.stm32cube.common.mx_6.0.0.202007160824\\db\/plugins/mcufinder/images/boards/nucleo-wb15cc_small.jpg
2023-08-17 04:49:12,798 [ERROR] DbBoards:189 - Image file not found for board NUCLEO-WB55RG: C:\ST\STM32CubeIDE_1.4.0\STM32CubeIDE\plugins\com.st.stm32cube.common.mx_6.0.0.202007160824\\db\/plugins/mcufinder/images/boards/nucleo-wb55rg_small.jpg
2023-08-17 04:49:12,798 [ERROR] DbBoards:189 - Image file not found for board NUCLEO-WL55JC: C:\ST\STM32CubeIDE_1.4.0\STM32CubeIDE\plugins\com.st.stm32cube.common.mx_6.0.0.202007160824\\db\/plugins/mcufinder/images/boards/nucleo-wl55jc-small.jpg
2023-08-17 04:49:12,924 [ERROR] DbBoards:189 - Image file not found for board STEVAL-STWINKT1B: C:\ST\STM32CubeIDE_1.4.0\STM32CubeIDE\plugins\com.st.stm32cube.common.mx_6.0.0.202007160824\\db\/plugins/mcufinder/images/boards/steval-stwinkt1b_small.jpg
2023-08-17 04:49:13,176 [ERROR] DbBoards:189 - Image file not found for board STM32G0C1E-EV: C:\ST\STM32CubeIDE_1.4.0\STM32CubeIDE\plugins\com.st.stm32cube.common.mx_6.0.0.202007160824\\db\/plugins/mcufinder/images/boards/stm32g0c1e-eval_small.jpg
2023-08-17 04:49:13,256 [ERROR] DbBoards:189 - Image file not found for board STM32H7B3I-EVAL: C:\ST\STM32CubeIDE_1.4.0\STM32CubeIDE\plugins\com.st.stm32cube.common.mx_6.0.0.202007160824\\db\/plugins/mcufinder/images/boards/stm32h7b3ieval_small.jpg
2023-08-17 04:49:13,382 [ERROR] DbBoards:189 - Image file not found for board STM32U575I-EV: C:\ST\STM32CubeIDE_1.4.0\STM32CubeIDE\plugins\com.st.stm32cube.common.mx_6.0.0.202007160824\\db\/plugins/mcufinder/images/boards/stm32u575i-ev_small.jpg
2023-08-17 04:49:13,414 [ERROR] DbBoards:189 - Image file not found for board STM32WB5MM-DK: C:\ST\STM32CubeIDE_1.4.0\STM32CubeIDE\plugins\com.st.stm32cube.common.mx_6.0.0.202007160824\\db\/plugins/mcufinder/images/boards/STM32WB5MM-DK_small.jpg
2023-08-17 04:49:13,414 [INFO] ApiDb:201 - Load user favorites file C:\Users\Ahmed/.stm32cubeide/favorites.boards.txt: 0 item(s)
2023-08-17 04:49:13,414 [INFO] ApiDb:205 - User favorites Boards=[]
2023-08-17 04:49:13,414 [INFO] DbBoards:206 - Set 0 / 0 favorites Boards
2023-08-17 04:50:06,782 [INFO] RetryExec:97 - I/O exception (org.apache.http.NoHttpResponseException) caught when processing request to {s}->https://download.eclipse.org:443: The target server failed to respond
2023-08-17 04:50:06,782 [INFO] RetryExec:113 - Retrying request to {s}->https://download.eclipse.org:443
2023-08-17 04:50:07,540 [INFO] RetryExec:97 - I/O exception (org.apache.http.NoHttpResponseException) caught when processing request to {s}->https://archive.eclipse.org:443: The target server failed to respond
2023-08-17 04:50:07,540 [INFO] RetryExec:113 - Retrying request to {s}->https://archive.eclipse.org:443
2023-08-17 05:00:42,710 [INFO] DbMcusDocs:145 - JSON generation date=Tue Nov 16 18:17:54 EET 2021 (1637079474)
2023-08-17 05:00:42,915 [INFO] DbMcusDocs:81 - Found 682 MCUs documents
2023-08-17 05:00:55,244 [INFO] LogOutputStream:76 - [STDOUT_REDIRECT] withoutVersionV1.8.4
2023-08-17 05:00:55,244 [INFO] LogOutputStream:76 - [STDOUT_REDIRECT] withoutVersionV1.8.3
2023-08-17 05:00:55,244 [INFO] LogOutputStream:76 - [STDOUT_REDIRECT] withoutVersionV1.8.2
2023-08-17 05:00:55,244 [INFO] LogOutputStream:76 - [STDOUT_REDIRECT] withoutVersionV1.8.1
2023-08-17 05:00:55,244 [INFO] LogOutputStream:76 - [STDOUT_REDIRECT] withoutVersionV1.8.0
2023-08-17 05:00:58,502 [INFO] ApiDb:226 - Save user favorites file C:\Users\Ahmed/.stm32cubeide/favorites.mcus.txt: 0 item(s)
2023-08-17 05:00:58,502 [INFO] ApiDb:230 - User favorites MCUs=[]
